Log file open, 10/06/19 13:57:51
LogWindows: Failed to load 'aqProf.dll' (GetLastError=126)
LogWindows: File 'aqProf.dll' does not exist
LogWindows: Failed to load 'VtuneApi.dll' (GetLastError=126)
LogWindows: File 'VtuneApi.dll' does not exist
LogWindows: Failed to load 'VtuneApi32e.dll' (GetLastError=126)
LogWindows: File 'VtuneApi32e.dll' does not exist
LogConsoleResponse: Display: Failed to find resolution value strings in scalability ini. Falling back to default.
LogInit: Display: Running engine for game: CSC567Final
LogPlatformFile: Not using cached read wrapper
LogTaskGraph: Started task graph with 5 named threads and 20 total threads with 3 sets of task threads.
LogStats: Stats thread started at 2.423628
LogD3D11RHI: Loaded GFSDK_Aftermath_Lib.x64.dll
LogICUInternationalization: ICU TimeZone Detection - Raw Offset: -7:00, Platform Override: ''
LogPluginManager: Mounting plugin Paper2D
LogPluginManager: Mounting plugin AISupport
LogPluginManager: Mounting plugin LightPropagationVolume
LogPluginManager: Mounting plugin ActorLayerUtilities
LogPluginManager: Mounting plugin AnimationSharing
LogPluginManager: Mounting plugin CLionSourceCodeAccess
LogPluginManager: Mounting plugin CodeLiteSourceCodeAccess
LogPluginManager: Mounting plugin GitSourceControl
LogPluginManager: Mounting plugin KDevelopSourceCodeAccess
LogPluginManager: Mounting plugin NullSourceCodeAccess
LogPluginManager: Mounting plugin PerforceSourceControl
LogPluginManager: Mounting plugin SubversionSourceControl
LogPluginManager: Mounting plugin UObjectPlugin
LogPluginManager: Mounting plugin VisualStudioCodeSourceCodeAccess
LogPluginManager: Mounting plugin VisualStudioSourceCodeAccess
LogPluginManager: Mounting plugin XCodeSourceCodeAccess
LogPluginManager: Mounting plugin AssetManagerEditor
LogPluginManager: Mounting plugin CryptoKeys
LogPluginManager: Mounting plugin CurveEditorTools
LogPluginManager: Mounting plugin DataValidation
LogPluginManager: Mounting plugin FacialAnimation
LogPluginManager: Mounting plugin GameplayTagsEditor
LogPluginManager: Mounting plugin MacGraphicsSwitching
LogPluginManager: Mounting plugin MaterialAnalyzer
LogPluginManager: Mounting plugin MobileLauncherProfileWizard
LogPluginManager: Mounting plugin PluginBrowser
LogPluginManager: Mounting plugin SpeedTreeImporter
LogPluginManager: Mounting plugin DatasmithContent
LogPluginManager: Mounting plugin VariantManagerContent
LogPluginManager: Mounting plugin AlembicImporter
LogPluginManager: Mounting plugin AutomationUtils
LogPluginManager: Mounting plugin BackChannel
LogPluginManager: Mounting plugin CharacterAI
LogPluginManager: Mounting plugin GeometryCache
LogPluginManager: Mounting plugin HTML5Networking
LogPluginManager: Mounting plugin PlatformCrypto
LogPluginManager: Mounting plugin ProxyLODPlugin
LogPluginManager: Mounting plugin SkeletalReduction
LogPluginManager: Mounting plugin MagicLeap
LogPluginManager: Mounting plugin MagicLeapMedia
LogPluginManager: Mounting plugin AndroidMedia
LogPluginManager: Mounting plugin AvfMedia
LogPluginManager: Mounting plugin ImgMedia
LogPluginManager: Mounting plugin MediaCompositing
LogPluginManager: Mounting plugin MediaPlayerEditor
LogPluginManager: Mounting plugin WebMMedia
LogPluginManager: Mounting plugin WmfMedia
LogPluginManager: Mounting plugin TcpMessaging
LogPluginManager: Mounting plugin UdpMessaging
LogPluginManager: Mounting plugin ActorSequence
LogPluginManager: Mounting plugin LevelSequenceEditor
LogPluginManager: Mounting plugin MatineeToLevelSequence
LogPluginManager: Mounting plugin NetcodeUnitTest
LogPluginManager: Mounting plugin NUTUnrealEngine4
LogPluginManager: Mounting plugin OnlineSubsystemGooglePlay
LogPluginManager: Mounting plugin OnlineSubsystemIOS
LogPluginManager: Mounting plugin OnlineSubsystem
LogPluginManager: Mounting plugin OnlineSubsystemNull
LogPluginManager: Mounting plugin OnlineSubsystemUtils
LogPluginManager: Mounting plugin LauncherChunkInstaller
LogPluginManager: Mounting plugin AndroidDeviceProfileSelector
LogPluginManager: Mounting plugin AndroidMoviePlayer
LogPluginManager: Mounting plugin AndroidPermission
LogPluginManager: Mounting plugin AppleImageUtils
LogPluginManager: Mounting plugin AppleMoviePlayer
LogPluginManager: Mounting plugin AppleARKit
LogPluginManager: Mounting plugin GoogleARCore
LogPluginManager: Mounting plugin ArchVisCharacter
LogPluginManager: Mounting plugin AudioCapture
LogPluginManager: Mounting plugin CableComponent
LogPluginManager: Mounting plugin CustomMeshComponent
LogPluginManager: Mounting plugin EditableMesh
LogPluginManager: Mounting plugin ExampleDeviceProfileSelector
LogPluginManager: Mounting plugin GoogleCloudMessaging
LogPluginManager: Mounting plugin IOSDeviceProfileSelector
LogPluginManager: Mounting plugin LinuxDeviceProfileSelector
LogPluginManager: Mounting plugin LocationServicesBPLibrary
LogPluginManager: Mounting plugin MobilePatchingUtils
LogPluginManager: Mounting plugin Ansel
LogPluginManager: Mounting plugin OculusVR
LogPluginManager: Mounting plugin PhysXVehicles
LogPluginManager: Mounting plugin ProceduralMeshComponent
LogPluginManager: Mounting plugin RuntimePhysXCooking
LogPluginManager: Mounting plugin SignificanceManager
LogPluginManager: Mounting plugin SteamVR
LogPluginManager: Mounting plugin WebMMoviePlayer
LogPluginManager: Mounting plugin WindowsMoviePlayer
LogPluginManager: Mounting plugin ScreenshotTools
LogInit: Using libcurl 7.55.1-DEV
LogInit:  - built for x86_64-pc-win32
LogInit:  - supports SSL with OpenSSL/1.1.1
LogInit:  - supports HTTP deflate (compression) using libz 1.2.8
LogInit:  - other features:
LogInit:      CURL_VERSION_SSL
LogInit:      CURL_VERSION_LIBZ
LogInit:      CURL_VERSION_IPV6
LogInit:      CURL_VERSION_ASYNCHDNS
LogInit:      CURL_VERSION_LARGEFILE
LogInit:      CURL_VERSION_IDN
LogInit:  CurlRequestOptions (configurable via config and command line):
LogInit:  - bVerifyPeer = true  - Libcurl will verify peer certificate
LogInit:  - bUseHttpProxy = false  - Libcurl will NOT use HTTP proxy
LogInit:  - bDontReuseConnections = false  - Libcurl will reuse connections
LogInit:  - MaxHostConnections = 16  - Libcurl will limit the number of connections to a host
LogInit:  - LocalHostAddr = Default
LogInit:  - BufferSize = 65536
LogOnline: OSS: Creating online subsystem instance for: NULL
LogInit: WinSock: version 1.1 (2.2), MaxSocks=32767, MaxUdp=65467
LogAnsel: Tried to load ../../../Engine/Plugins/Runtime/Nvidia/Ansel/Binaries/ThirdParty/AnselSDK64.dll : success=1
LogInit: Build: ++UE4+Release-4.23-CL-8386587
LogInit: Engine Version: 4.23.0-8386587+++UE4+Release-4.23
LogInit: Compatible Engine Version: 4.23.0-8386587+++UE4+Release-4.23
LogInit: Net CL: 8386587
LogInit: OS: Windows 10 (Release 1903) (), CPU: Intel(R) Core(TM) i5-8400 CPU @ 2.80GHz, GPU: Intel(R) UHD Graphics 630
LogInit: Compiled (64-bit): Aug 31 2019 02:04:44
LogInit: Compiled with Visual C++: 19.16.27030.01
LogInit: Build Configuration: Development
LogInit: Branch Name: ++UE4+Release-4.23
LogInit: Command Line:  /Game/Levels/World -game -PIEVIACONSOLE -ResX=1280 -ResY=720 -Multiprocess -messaging -SessionName="Play in Standalone Game" -featureleveles2 -faketouches -MultiprocessSaveConfig -windowed
LogInit: Base Directory: C:/Program Files/Epic Games/UE_4.23/Engine/Binaries/Win64/
LogInit: Installed Engine Build: 1
LogDevObjectVersion: Number of dev versions registered: 23
LogDevObjectVersion:   Dev-Blueprints (B0D832E4-1F89-4F0D-ACCF-7EB736FD4AA2): 10
LogDevObjectVersion:   Dev-Build (E1C64328-A22C-4D53-A36C-8E866417BD8C): 0
LogDevObjectVersion:   Dev-Core (375EC13C-06E4-48FB-B500-84F0262A717E): 3
LogDevObjectVersion:   Dev-Editor (E4B068ED-F494-42E9-A231-DA0B2E46BB41): 34
LogDevObjectVersion:   Dev-Framework (CFFC743F-43B0-4480-9391-14DF171D2073): 35
LogDevObjectVersion:   Dev-Mobile (B02B49B5-BB20-44E9-A304-32B752E40360): 2
LogDevObjectVersion:   Dev-Networking (A4E4105C-59A1-49B5-A7C5-40C4547EDFEE): 0
LogDevObjectVersion:   Dev-Online (39C831C9-5AE6-47DC-9A44-9C173E1C8E7C): 0
LogDevObjectVersion:   Dev-Physics (78F01B33-EBEA-4F98-B9B4-84EACCB95AA2): 0
LogDevObjectVersion:   Dev-Platform (6631380F-2D4D-43E0-8009-CF276956A95A): 0
LogDevObjectVersion:   Dev-Rendering (12F88B9F-8875-4AFC-A67C-D90C383ABD29): 31
LogDevObjectVersion:   Dev-Sequencer (7B5AE74C-D270-4C10-A958-57980B212A5A): 11
LogDevObjectVersion:   Dev-VR (D7296918-1DD6-4BDD-9DE2-64A83CC13884): 2
LogDevObjectVersion:   Dev-LoadTimes (C2A15278-BFE7-4AFE-6C17-90FF531DF755): 1
LogDevObjectVersion:   Private-Geometry (6EACA3D4-40EC-4CC1-B786-8BED09428FC5): 3
LogDevObjectVersion:   Dev-AnimPhys (29E575DD-E0A3-4627-9D10-D276232CDCEA): 17
LogDevObjectVersion:   Dev-Anim (AF43A65D-7FD3-4947-9873-3E8ED9C1BB05): 2
LogDevObjectVersion:   Dev-ReflectionCapture (6B266CEC-1EC7-4B8F-A30B-E4D90942FC07): 1
LogDevObjectVersion:   Dev-Automation (0DF73D61-A23F-47EA-B727-89E90C41499A): 1
LogDevObjectVersion:   FortniteMain (601D1886-AC64-4F84-AA16-D3DE0DEAC7D6): 27
LogDevObjectVersion:   Dev-Enterprise (9DFFBCD6-494F-0158-E221-12823C92A888): 6
LogDevObjectVersion:   Dev-Niagara (F2AED0AC-9AFE-416F-8664-AA7FFA26D6FC): 1
LogDevObjectVersion:   Dev-Destruction (174F1F0B-B4C6-45A5-B13F-2EE8D0FB917D): 9
LogInit: Presizing for max 16777216 objects, including 0 objects not considered by GC, pre-allocating 0 bytes for permanent pool.
LogInit: Object subsystem initialized
LogConfig: Setting CVar [[con.DebugEarlyDefault:1]]
LogConfig: Setting CVar [[r.setres:1280x720]]
[2019.10.06-19.57.53:880][  0]LogConfig: Setting CVar [[con.DebugEarlyDefault:1]]
[2019.10.06-19.57.53:880][  0]LogConfig: Setting CVar [[r.setres:1280x720]]
[2019.10.06-19.57.53:880][  0]LogConfig: Applying CVar settings from Section [/Script/Engine.RendererSettings] File [C:/Users/Dan/Documents/Unreal Projects/CSC567Final/Saved/Config/Windows/Engine.ini]
[2019.10.06-19.57.53:880][  0]LogConfig: Setting CVar [[r.GPUCrashDebugging:0]]
[2019.10.06-19.57.53:880][  0]LogConfig: Setting CVar [[r.MobileHDR:0]]
[2019.10.06-19.57.53:880][  0]LogConfig: Setting CVar [[r.Mobile.DisableVertexFog:1]]
[2019.10.06-19.57.53:880][  0]LogConfig: Setting CVar [[r.Shadow.CSM.MaxMobileCascades:2]]
[2019.10.06-19.57.53:880][  0]LogConfig: Setting CVar [[r.MobileMSAA:1]]
[2019.10.06-19.57.53:880][  0]LogConfig: Setting CVar [[r.Mobile.UseLegacyShadingModel:0]]
[2019.10.06-19.57.53:880][  0]LogConfig: Setting CVar [[r.Mobile.UseHWsRGBEncoding:0]]
[2019.10.06-19.57.53:880][  0]LogConfig: Setting CVar [[r.Mobile.AllowDitheredLODTransition:0]]
[2019.10.06-19.57.53:880][  0]LogConfig: Setting CVar [[r.Mobile.AllowSoftwareOcclusion:0]]
[2019.10.06-19.57.53:880][  0]LogConfig: Setting CVar [[r.DiscardUnusedQuality:0]]
[2019.10.06-19.57.53:880][  0]LogConfig: Setting CVar [[r.AllowOcclusionQueries:1]]
[2019.10.06-19.57.53:881][  0]LogConfig: Setting CVar [[r.MinScreenRadiusForLights:0.030000]]
[2019.10.06-19.57.53:881][  0]LogConfig: Setting CVar [[r.MinScreenRadiusForDepthPrepass:0.030000]]
[2019.10.06-19.57.53:881][  0]LogConfig: Setting CVar [[r.MinScreenRadiusForCSMDepth:0.010000]]
[2019.10.06-19.57.53:881][  0]LogConfig: Setting CVar [[r.PrecomputedVisibilityWarning:0]]
[2019.10.06-19.57.53:881][  0]LogConfig: Setting CVar [[r.TextureStreaming:1]]
[2019.10.06-19.57.53:881][  0]LogConfig: Setting CVar [[Compat.UseDXT5NormalMaps:0]]
[2019.10.06-19.57.53:881][  0]LogConfig: Setting CVar [[r.VirtualTextures:0]]
[2019.10.06-19.57.53:881][  0]LogConfig: Setting CVar [[r.VirtualTexturedLightmaps:0]]
[2019.10.06-19.57.53:881][  0]LogConfig: Setting CVar [[r.VT.TileSize:128]]
[2019.10.06-19.57.53:881][  0]LogConfig: Setting CVar [[r.VT.TileBorderSize:4]]
[2019.10.06-19.57.53:881][  0]LogConfig: Setting CVar [[r.vt.FeedbackFactor:16]]
[2019.10.06-19.57.53:881][  0]LogConfig: Setting CVar [[r.VT.EnableCompressZlib:1]]
[2019.10.06-19.57.53:881][  0]LogConfig: Setting CVar [[r.VT.EnableCompressCrunch:0]]
[2019.10.06-19.57.53:881][  0]LogConfig: Setting CVar [[r.ClearCoatNormal:0]]
[2019.10.06-19.57.53:881][  0]LogConfig: Setting CVar [[r.ReflectionCaptureResolution:128]]
[2019.10.06-19.57.53:881][  0]LogConfig: Setting CVar [[r.ReflectionEnvironmentLightmapMixBasedOnRoughness:1]]
[2019.10.06-19.57.53:881][  0]LogConfig: Setting CVar [[r.ForwardShading:0]]
[2019.10.06-19.57.53:881][  0]LogConfig: Setting CVar [[r.VertexFoggingForOpaque:1]]
[2019.10.06-19.57.53:881][  0]LogConfig: Setting CVar [[r.AllowStaticLighting:1]]
[2019.10.06-19.57.53:881][  0]LogConfig: Setting CVar [[r.NormalMapsForStaticLighting:0]]
[2019.10.06-19.57.53:881][  0]LogConfig: Setting CVar [[r.GenerateMeshDistanceFields:0]]
[2019.10.06-19.57.53:881][  0]LogConfig: Setting CVar [[r.DistanceFieldBuild.EightBit:0]]
[2019.10.06-19.57.53:881][  0]LogConfig: Setting CVar [[r.GenerateLandscapeGIData:0]]
[2019.10.06-19.57.53:881][  0]LogConfig: Setting CVar [[r.DistanceFieldBuild.Compress:0]]
[2019.10.06-19.57.53:881][  0]LogConfig: Setting CVar [[r.TessellationAdaptivePixelsPerTriangle:48.000000]]
[2019.10.06-19.57.53:881][  0]LogConfig: Setting CVar [[r.SeparateTranslucency:0]]
[2019.10.06-19.57.53:881][  0]LogConfig: Setting CVar [[r.TranslucentSortPolicy:0]]
[2019.10.06-19.57.53:881][  0]LogConfig: Setting CVar [[r.CustomDepth:1]]
[2019.10.06-19.57.53:881][  0]LogConfig: Setting CVar [[r.CustomDepthTemporalAAJitter:1]]
[2019.10.06-19.57.53:881][  0]LogConfig: Setting CVar [[r.PostProcessing.PropagateAlpha:0]]
[2019.10.06-19.57.53:881][  0]LogConfig: Setting CVar [[r.DefaultFeature.Bloom:0]]
[2019.10.06-19.57.53:881][  0]LogConfig: Setting CVar [[r.DefaultFeature.AmbientOcclusion:0]]
[2019.10.06-19.57.53:881][  0]LogConfig: Setting CVar [[r.DefaultFeature.AmbientOcclusionStaticFraction:1]]
[2019.10.06-19.57.53:881][  0]LogConfig: Setting CVar [[r.DefaultFeature.AutoExposure:0]]
[2019.10.06-19.57.53:881][  0]LogConfig: Setting CVar [[r.DefaultFeature.AutoExposure.Method:0]]
[2019.10.06-19.57.53:881][  0]LogConfig: Setting CVar [[r.DefaultFeature.AutoExposure.ExtendDefaultLuminanceRange:0]]
[2019.10.06-19.57.53:881][  0]LogConfig: Setting CVar [[r.UsePreExposure:0]]
[2019.10.06-19.57.53:881][  0]LogConfig: Setting CVar [[r.EyeAdaptation.EditorOnly:1]]
[2019.10.06-19.57.53:881][  0]LogConfig: Setting CVar [[r.DefaultFeature.MotionBlur:0]]
[2019.10.06-19.57.53:881][  0]LogConfig: Setting CVar [[r.DefaultFeature.LensFlare:0]]
[2019.10.06-19.57.53:881][  0]LogConfig: Setting CVar [[r.TemporalAA.Upsampling:0]]
[2019.10.06-19.57.53:881][  0]LogConfig: Setting CVar [[r.DefaultFeature.AntiAliasing:0]]
[2019.10.06-19.57.53:881][  0]LogConfig: Setting CVar [[r.DefaultFeature.LightUnits:1]]
[2019.10.06-19.57.53:881][  0]LogConfig: Setting CVar [[r.DefaultBackBufferPixelFormat:4]]
[2019.10.06-19.57.53:881][  0]LogConfig: Setting CVar [[r.Shadow.UnbuiltPreviewInGame:1]]
[2019.10.06-19.57.53:881][  0]LogConfig: Setting CVar [[r.StencilForLODDither:0]]
[2019.10.06-19.57.53:881][  0]LogConfig: Setting CVar [[r.EarlyZPass:3]]
[2019.10.06-19.57.53:882][  0]LogConfig: Setting CVar [[r.EarlyZPassOnlyMaterialMasking:0]]
[2019.10.06-19.57.53:882][  0]LogConfig: Setting CVar [[r.DBuffer:1]]
[2019.10.06-19.57.53:882][  0]LogConfig: Setting CVar [[r.ClearSceneMethod:1]]
[2019.10.06-19.57.53:882][  0]LogConfig: Setting CVar [[r.BasePassOutputsVelocity:0]]
[2019.10.06-19.57.53:882][  0]LogConfig: Setting CVar [[r.SelectiveBasePassOutputs:0]]
[2019.10.06-19.57.53:882][  0]LogConfig: Setting CVar [[fx.GPUSimulationTextureSizeX:1024]]
[2019.10.06-19.57.53:882][  0]LogConfig: Setting CVar [[fx.GPUSimulationTextureSizeY:1024]]
[2019.10.06-19.57.53:882][  0]LogConfig: Setting CVar [[r.AllowGlobalClipPlane:0]]
[2019.10.06-19.57.53:882][  0]LogConfig: Setting CVar [[r.GBufferFormat:1]]
[2019.10.06-19.57.53:882][  0]LogConfig: Setting CVar [[r.MorphTarget.Mode:1]]
[2019.10.06-19.57.53:882][  0]LogConfig: Setting CVar [[vr.InstancedStereo:0]]
[2019.10.06-19.57.53:882][  0]LogConfig: Setting CVar [[vr.MultiView:0]]
[2019.10.06-19.57.53:882][  0]LogConfig: Setting CVar [[vr.MobileMultiView:0]]
[2019.10.06-19.57.53:882][  0]LogConfig: Setting CVar [[vr.MobileMultiView.Direct:0]]
[2019.10.06-19.57.53:882][  0]LogConfig: Setting CVar [[vr.RoundRobinOcclusion:0]]
[2019.10.06-19.57.53:882][  0]LogConfig: Setting CVar [[vr.ODSCapture:0]]
[2019.10.06-19.57.53:882][  0]LogConfig: Setting CVar [[r.WireframeCullThreshold:5.000000]]
[2019.10.06-19.57.53:882][  0]LogConfig: Setting CVar [[r.RayTracing:0]]
[2019.10.06-19.57.53:882][  0]LogConfig: Setting CVar [[r.SupportStationarySkylight:1]]
[2019.10.06-19.57.53:882][  0]LogConfig: Setting CVar [[r.SupportLowQualityLightmaps:1]]
[2019.10.06-19.57.53:882][  0]LogConfig: Setting CVar [[r.SupportPointLightWholeSceneShadows:1]]
[2019.10.06-19.57.53:883][  0]LogConfig: Setting CVar [[r.SupportAtmosphericFog:1]]
[2019.10.06-19.57.53:883][  0]LogConfig: Setting CVar [[r.SkinCache.CompileShaders:0]]
[2019.10.06-19.57.53:883][  0]LogConfig: Setting CVar [[r.Mobile.EnableStaticAndCSMShadowReceivers:1]]
[2019.10.06-19.57.53:883][  0]LogConfig: Setting CVar [[r.Mobile.EnableMovableLightCSMShaderCulling:1]]
[2019.10.06-19.57.53:883][  0]LogConfig: Setting CVar [[r.Mobile.AllowDistanceFieldShadows:1]]
[2019.10.06-19.57.53:883][  0]LogConfig: Setting CVar [[r.Mobile.AllowMovableDirectionalLights:1]]
[2019.10.06-19.57.53:883][  0]LogConfig: Setting CVar [[r.MobileNumDynamicPointLights:4]]
[2019.10.06-19.57.53:883][  0]LogConfig: Setting CVar [[r.MobileDynamicPointLightsUseStaticBranch:1]]
[2019.10.06-19.57.53:883][  0]LogConfig: Setting CVar [[r.Mobile.EnableMovableSpotlights:0]]
[2019.10.06-19.57.53:883][  0]LogConfig: Setting CVar [[r.SkinCache.SceneMemoryLimitInMB:128.000000]]
[2019.10.06-19.57.53:883][  0]LogConfig: Setting CVar [[r.GPUSkin.Limit2BoneInfluences:0]]
[2019.10.06-19.57.53:883][  0]LogConfig: Setting CVar [[r.SupportDepthOnlyIndexBuffers:1]]
[2019.10.06-19.57.53:883][  0]LogConfig: Setting CVar [[r.SupportReversedIndexBuffers:1]]
[2019.10.06-19.57.53:883][  0]LogConfig: Setting CVar [[r.SupportMaterialLayers:0]]
[2019.10.06-19.57.53:883][  0]LogConfig: Applying CVar settings from Section [/Script/Engine.RendererOverrideSettings] File [C:/Users/Dan/Documents/Unreal Projects/CSC567Final/Saved/Config/Windows/Engine.ini]
[2019.10.06-19.57.53:883][  0]LogConfig: Applying CVar settings from Section [/Script/Engine.StreamingSettings] File [C:/Users/Dan/Documents/Unreal Projects/CSC567Final/Saved/Config/Windows/Engine.ini]
[2019.10.06-19.57.53:883][  0]LogConfig: Setting CVar [[s.MinBulkDataSizeForAsyncLoading:131072]]
[2019.10.06-19.57.53:883][  0]LogConfig: Setting CVar [[s.AsyncLoadingThreadEnabled:0]]
[2019.10.06-19.57.53:883][  0]LogConfig: Setting CVar [[s.EventDrivenLoaderEnabled:1]]
[2019.10.06-19.57.53:883][  0]LogConfig: Setting CVar [[s.WarnIfTimeLimitExceeded:0]]
[2019.10.06-19.57.53:883][  0]LogConfig: Setting CVar [[s.TimeLimitExceededMultiplier:1.5]]
[2019.10.06-19.57.53:883][  0]LogConfig: Setting CVar [[s.TimeLimitExceededMinTime:0.005]]
[2019.10.06-19.57.53:883][  0]LogConfig: Setting CVar [[s.UseBackgroundLevelStreaming:1]]
[2019.10.06-19.57.53:883][  0]LogConfig: Setting CVar [[s.PriorityAsyncLoadingExtraTime:15.0]]
[2019.10.06-19.57.53:883][  0]LogConfig: Setting CVar [[s.LevelStreamingActorsUpdateTimeLimit:5.0]]
[2019.10.06-19.57.53:883][  0]LogConfig: Setting CVar [[s.PriorityLevelStreamingActorsUpdateExtraTime:5.0]]
[2019.10.06-19.57.53:883][  0]LogConfig: Setting CVar [[s.LevelStreamingComponentsRegistrationGranularity:10]]
[2019.10.06-19.57.53:883][  0]LogConfig: Setting CVar [[s.UnregisterComponentsTimeLimit:1.0]]
[2019.10.06-19.57.53:883][  0]LogConfig: Setting CVar [[s.LevelStreamingComponentsUnregistrationGranularity:5]]
[2019.10.06-19.57.53:883][  0]LogConfig: Applying CVar settings from Section [/Script/Engine.GarbageCollectionSettings] File [C:/Users/Dan/Documents/Unreal Projects/CSC567Final/Saved/Config/Windows/Engine.ini]
[2019.10.06-19.57.53:883][  0]LogConfig: Setting CVar [[gc.MaxObjectsNotConsideredByGC:1]]
[2019.10.06-19.57.53:884][  0]LogConfig: Setting CVar [[gc.SizeOfPermanentObjectPool:0]]
[2019.10.06-19.57.53:884][  0]LogConfig: Setting CVar [[gc.FlushStreamingOnGC:0]]
[2019.10.06-19.57.53:884][  0]LogConfig: Setting CVar [[gc.NumRetriesBeforeForcingGC:10]]
[2019.10.06-19.57.53:884][  0]LogConfig: Setting CVar [[gc.AllowParallelGC:1]]
[2019.10.06-19.57.53:884][  0]LogConfig: Setting CVar [[gc.TimeBetweenPurgingPendingKillObjects:61.1]]
[2019.10.06-19.57.53:884][  0]LogConfig: Setting CVar [[gc.MaxObjectsInEditor:16777216]]
[2019.10.06-19.57.53:884][  0]LogConfig: Setting CVar [[gc.IncrementalBeginDestroyEnabled:1]]
[2019.10.06-19.57.53:884][  0]LogConfig: Setting CVar [[gc.CreateGCClusters:1]]
[2019.10.06-19.57.53:884][  0]LogConfig: Setting CVar [[gc.MinGCClusterSize:5]]
[2019.10.06-19.57.53:884][  0]LogConfig: Setting CVar [[gc.ActorClusteringEnabled:0]]
[2019.10.06-19.57.53:884][  0]LogConfig: Setting CVar [[gc.BlueprintClusteringEnabled:0]]
[2019.10.06-19.57.53:884][  0]LogConfig: Setting CVar [[gc.UseDisregardForGCOnDedicatedServers:0]]
[2019.10.06-19.57.53:884][  0]LogConfig: Applying CVar settings from Section [/Script/Engine.NetworkSettings] File [C:/Users/Dan/Documents/Unreal Projects/CSC567Final/Saved/Config/Windows/Engine.ini]
[2019.10.06-19.57.53:884][  0]LogConfig: Applying CVar settings from Section [/Script/UnrealEd.CookerSettings] File [C:/Users/Dan/Documents/Unreal Projects/CSC567Final/Saved/Config/Windows/Engine.ini]
[2019.10.06-19.57.53:931][  0]LogConfig: Applying CVar settings from Section [ViewDistanceQuality@3] File [C:/Users/Dan/Documents/Unreal Projects/CSC567Final/Saved/Config/Windows/Scalability.ini]
[2019.10.06-19.57.53:932][  0]LogConfig: Setting CVar [[r.SkeletalMeshLODBias:0]]
[2019.10.06-19.57.53:932][  0]LogConfig: Setting CVar [[r.ViewDistanceScale:1.0]]
[2019.10.06-19.57.53:932][  0]LogConfig: Applying CVar settings from Section [AntiAliasingQuality@3] File [C:/Users/Dan/Documents/Unreal Projects/CSC567Final/Saved/Config/Windows/Scalability.ini]
[2019.10.06-19.57.53:932][  0]LogConfig: Setting CVar [[r.PostProcessAAQuality:4]]
[2019.10.06-19.57.53:932][  0]LogConfig: Applying CVar settings from Section [ShadowQuality@3] File [C:/Users/Dan/Documents/Unreal Projects/CSC567Final/Saved/Config/Windows/Scalability.ini]
[2019.10.06-19.57.53:932][  0]LogConfig: Setting CVar [[r.LightFunctionQuality:1]]
[2019.10.06-19.57.53:932][  0]LogConfig: Setting CVar [[r.ShadowQuality:5]]
[2019.10.06-19.57.53:932][  0]LogConfig: Setting CVar [[r.Shadow.CSM.MaxCascades:10]]
[2019.10.06-19.57.53:932][  0]LogConfig: Setting CVar [[r.Shadow.MaxResolution:2048]]
[2019.10.06-19.57.53:932][  0]LogConfig: Setting CVar [[r.Shadow.MaxCSMResolution:2048]]
[2019.10.06-19.57.53:932][  0]LogConfig: Setting CVar [[r.Shadow.RadiusThreshold:0.01]]
[2019.10.06-19.57.53:932][  0]LogConfig: Setting CVar [[r.Shadow.DistanceScale:1.0]]
[2019.10.06-19.57.53:932][  0]LogConfig: Setting CVar [[r.Shadow.CSM.TransitionScale:1.0]]
[2019.10.06-19.57.53:932][  0]LogConfig: Setting CVar [[r.Shadow.PreShadowResolutionFactor:1.0]]
[2019.10.06-19.57.53:933][  0]LogConfig: Setting CVar [[r.DistanceFieldShadowing:1]]
[2019.10.06-19.57.53:933][  0]LogConfig: Setting CVar [[r.DistanceFieldAO:1]]
[2019.10.06-19.57.53:933][  0]LogConfig: Setting CVar [[r.AOQuality:2]]
[2019.10.06-19.57.53:933][  0]LogConfig: Setting CVar [[r.VolumetricFog:1]]
[2019.10.06-19.57.53:933][  0]LogConfig: Setting CVar [[r.VolumetricFog.GridPixelSize:8]]
[2019.10.06-19.57.53:933][  0]LogConfig: Setting CVar [[r.VolumetricFog.GridSizeZ:128]]
[2019.10.06-19.57.53:933][  0]LogConfig: Setting CVar [[r.VolumetricFog.HistoryMissSupersampleCount:4]]
[2019.10.06-19.57.53:933][  0]LogConfig: Setting CVar [[r.LightMaxDrawDistanceScale:1]]
[2019.10.06-19.57.53:933][  0]LogConfig: Setting CVar [[r.CapsuleShadows:1]]
[2019.10.06-19.57.53:933][  0]LogConfig: Applying CVar settings from Section [PostProcessQuality@3] File [C:/Users/Dan/Documents/Unreal Projects/CSC567Final/Saved/Config/Windows/Scalability.ini]
[2019.10.06-19.57.53:933][  0]LogConfig: Setting CVar [[r.MotionBlurQuality:4]]
[2019.10.06-19.57.53:933][  0]LogConfig: Setting CVar [[r.AmbientOcclusionMipLevelFactor:0.4]]
[2019.10.06-19.57.53:933][  0]LogConfig: Setting CVar [[r.AmbientOcclusionMaxQuality:100]]
[2019.10.06-19.57.53:933][  0]LogConfig: Setting CVar [[r.AmbientOcclusionLevels:-1]]
[2019.10.06-19.57.53:933][  0]LogConfig: Setting CVar [[r.AmbientOcclusionRadiusScale:1.0]]
[2019.10.06-19.57.53:933][  0]LogConfig: Setting CVar [[r.DepthOfFieldQuality:2]]
[2019.10.06-19.57.53:933][  0]LogConfig: Setting CVar [[r.RenderTargetPoolMin:400]]
[2019.10.06-19.57.53:933][  0]LogConfig: Setting CVar [[r.LensFlareQuality:2]]
[2019.10.06-19.57.53:933][  0]LogConfig: Setting CVar [[r.SceneColorFringeQuality:1]]
[2019.10.06-19.57.53:933][  0]LogConfig: Setting CVar [[r.EyeAdaptationQuality:2]]
[2019.10.06-19.57.53:933][  0]LogConfig: Setting CVar [[r.BloomQuality:5]]
[2019.10.06-19.57.53:933][  0]LogConfig: Setting CVar [[r.FastBlurThreshold:100]]
[2019.10.06-19.57.53:933][  0]LogConfig: Setting CVar [[r.Upscale.Quality:3]]
[2019.10.06-19.57.53:933][  0]LogConfig: Setting CVar [[r.Tonemapper.GrainQuantization:1]]
[2019.10.06-19.57.53:933][  0]LogConfig: Setting CVar [[r.LightShaftQuality:1]]
[2019.10.06-19.57.53:933][  0]LogConfig: Setting CVar [[r.Filter.SizeScale:1]]
[2019.10.06-19.57.53:933][  0]LogConfig: Setting CVar [[r.Tonemapper.Quality:5]]
[2019.10.06-19.57.53:933][  0]LogConfig: Setting CVar [[r.DOF.Gather.AccumulatorQuality:1        ; higher gathering accumulator quality]]
[2019.10.06-19.57.53:933][  0]LogConfig: Setting CVar [[r.DOF.Gather.PostfilterMethod:1          ; Median3x3 postfilering method]]
[2019.10.06-19.57.53:933][  0]LogConfig: Setting CVar [[r.DOF.Gather.EnableBokehSettings:0       ; no bokeh simulation when gathering]]
[2019.10.06-19.57.53:933][  0]LogConfig: Setting CVar [[r.DOF.Gather.RingCount:4                 ; medium number of samples when gathering]]
[2019.10.06-19.57.53:933][  0]LogConfig: Setting CVar [[r.DOF.Scatter.ForegroundCompositing:1    ; additive foreground scattering]]
[2019.10.06-19.57.53:933][  0]LogConfig: Setting CVar [[r.DOF.Scatter.BackgroundCompositing:2    ; additive background scattering]]
[2019.10.06-19.57.53:933][  0]LogConfig: Setting CVar [[r.DOF.Scatter.EnableBokehSettings:1      ; bokeh simulation when scattering]]
[2019.10.06-19.57.53:934][  0]LogConfig: Setting CVar [[r.DOF.Scatter.MaxSpriteRatio:0.1         ; only a maximum of 10% of scattered bokeh]]
[2019.10.06-19.57.53:934][  0]LogConfig: Setting CVar [[r.DOF.Recombine.Quality:1                ; cheap slight out of focus]]
[2019.10.06-19.57.53:934][  0]LogConfig: Setting CVar [[r.DOF.Recombine.EnableBokehSettings:0    ; no bokeh simulation on slight out of focus]]
[2019.10.06-19.57.53:934][  0]LogConfig: Setting CVar [[r.DOF.TemporalAAQuality:1                ; more stable temporal accumulation]]
[2019.10.06-19.57.53:934][  0]LogConfig: Setting CVar [[r.DOF.Kernel.MaxForegroundRadius:0.025]]
[2019.10.06-19.57.53:934][  0]LogConfig: Setting CVar [[r.DOF.Kernel.MaxBackgroundRadius:0.025]]
[2019.10.06-19.57.53:934][  0]LogConfig: Applying CVar settings from Section [TextureQuality@3] File [C:/Users/Dan/Documents/Unreal Projects/CSC567Final/Saved/Config/Windows/Scalability.ini]
[2019.10.06-19.57.53:934][  0]LogConfig: Setting CVar [[r.Streaming.MipBias:0]]
[2019.10.06-19.57.53:934][  0]LogConfig: Setting CVar [[r.Streaming.AmortizeCPUToGPUCopy:0]]
[2019.10.06-19.57.53:934][  0]LogConfig: Setting CVar [[r.Streaming.MaxNumTexturesToStreamPerFrame:0]]
[2019.10.06-19.57.53:934][  0]LogConfig: Setting CVar [[r.Streaming.Boost:1]]
[2019.10.06-19.57.53:934][  0]LogConfig: Setting CVar [[r.MaxAnisotropy:8]]
[2019.10.06-19.57.53:934][  0]LogConfig: Setting CVar [[r.Streaming.LimitPoolSizeToVRAM:0]]
[2019.10.06-19.57.53:934][  0]LogConfig: Setting CVar [[r.Streaming.PoolSize:1000]]
[2019.10.06-19.57.53:934][  0]LogConfig: Setting CVar [[r.Streaming.MaxEffectiveScreenSize:0]]
[2019.10.06-19.57.53:934][  0]LogConfig: Applying CVar settings from Section [EffectsQuality@3] File [C:/Users/Dan/Documents/Unreal Projects/CSC567Final/Saved/Config/Windows/Scalability.ini]
[2019.10.06-19.57.53:935][  0]LogConfig: Setting CVar [[r.TranslucencyLightingVolumeDim:64]]
[2019.10.06-19.57.53:935][  0]LogConfig: Setting CVar [[r.RefractionQuality:2]]
[2019.10.06-19.57.53:935][  0]LogConfig: Setting CVar [[r.SSR.Quality:3]]
[2019.10.06-19.57.53:935][  0]LogConfig: Setting CVar [[r.SceneColorFormat:4]]
[2019.10.06-19.57.53:935][  0]LogConfig: Setting CVar [[r.DetailMode:2]]
[2019.10.06-19.57.53:935][  0]LogConfig: Setting CVar [[r.TranslucencyVolumeBlur:1]]
[2019.10.06-19.57.53:935][  0]LogConfig: Setting CVar [[r.MaterialQualityLevel:1 ; High quality]]
[2019.10.06-19.57.53:935][  0]LogConfig: Setting CVar [[r.SSS.Scale:1]]
[2019.10.06-19.57.53:935][  0]LogConfig: Setting CVar [[r.SSS.SampleSet:2]]
[2019.10.06-19.57.53:935][  0]LogConfig: Setting CVar [[r.SSS.Quality:1]]
[2019.10.06-19.57.53:935][  0]LogConfig: Setting CVar [[r.SSS.HalfRes:1]]
[2019.10.06-19.57.53:935][  0]LogConfig: Setting CVar [[r.EmitterSpawnRateScale:1.0]]
[2019.10.06-19.57.53:935][  0]LogConfig: Setting CVar [[r.ParticleLightQuality:2]]
[2019.10.06-19.57.53:935][  0]LogConfig: Applying CVar settings from Section [FoliageQuality@3] File [C:/Users/Dan/Documents/Unreal Projects/CSC567Final/Saved/Config/Windows/Scalability.ini]
[2019.10.06-19.57.53:935][  0]LogConfig: Setting CVar [[foliage.DensityScale:1.0]]
[2019.10.06-19.57.53:935][  0]LogConfig: Setting CVar [[grass.DensityScale:1.0]]
[2019.10.06-19.57.53:946][  0]LogInit: Selected Device Profile: [Windows]
[2019.10.06-19.57.53:946][  0]LogInit: Applying CVar settings loaded from the selected device profile: [Windows]
[2019.10.06-19.57.53:961][  0]LogHAL: Display: Platform has ~ 8 GB [8410882048 / 8589934592 / 8], which maps to Default [LargestMinGB=32, LargerMinGB=12, DefaultMinGB=8, SmallerMinGB=6, SmallestMinGB=0)
[2019.10.06-19.57.53:961][  0]LogInit: Going up to parent DeviceProfile []
[2019.10.06-19.57.53:961][  0]LogConfig: Applying CVar settings from Section [ViewDistanceQuality@3] File [C:/Users/Dan/Documents/Unreal Projects/CSC567Final/Saved/Config/Windows/Scalability.ini]
[2019.10.06-19.57.53:961][  0]LogConfig: Setting CVar [[r.SkeletalMeshLODBias:0]]
[2019.10.06-19.57.53:961][  0]LogConfig: Setting CVar [[r.ViewDistanceScale:1.0]]
[2019.10.06-19.57.53:961][  0]LogConfig: Applying CVar settings from Section [AntiAliasingQuality@3] File [C:/Users/Dan/Documents/Unreal Projects/CSC567Final/Saved/Config/Windows/Scalability.ini]
[2019.10.06-19.57.53:961][  0]LogConfig: Setting CVar [[r.PostProcessAAQuality:4]]
[2019.10.06-19.57.53:961][  0]LogConfig: Applying CVar settings from Section [ShadowQuality@3] File [C:/Users/Dan/Documents/Unreal Projects/CSC567Final/Saved/Config/Windows/Scalability.ini]
[2019.10.06-19.57.53:961][  0]LogConfig: Setting CVar [[r.LightFunctionQuality:1]]
[2019.10.06-19.57.53:961][  0]LogConfig: Setting CVar [[r.ShadowQuality:5]]
[2019.10.06-19.57.53:961][  0]LogConfig: Setting CVar [[r.Shadow.CSM.MaxCascades:10]]
[2019.10.06-19.57.53:961][  0]LogConfig: Setting CVar [[r.Shadow.MaxResolution:2048]]
[2019.10.06-19.57.53:961][  0]LogConfig: Setting CVar [[r.Shadow.MaxCSMResolution:2048]]
[2019.10.06-19.57.53:961][  0]LogConfig: Setting CVar [[r.Shadow.RadiusThreshold:0.01]]
[2019.10.06-19.57.53:961][  0]LogConfig: Setting CVar [[r.Shadow.DistanceScale:1.0]]
[2019.10.06-19.57.53:961][  0]LogConfig: Setting CVar [[r.Shadow.CSM.TransitionScale:1.0]]
[2019.10.06-19.57.53:961][  0]LogConfig: Setting CVar [[r.Shadow.PreShadowResolutionFactor:1.0]]
[2019.10.06-19.57.53:961][  0]LogConfig: Setting CVar [[r.DistanceFieldShadowing:1]]
[2019.10.06-19.57.53:961][  0]LogConfig: Setting CVar [[r.DistanceFieldAO:1]]
[2019.10.06-19.57.53:961][  0]LogConfig: Setting CVar [[r.AOQuality:2]]
[2019.10.06-19.57.53:961][  0]LogConfig: Setting CVar [[r.VolumetricFog:1]]
[2019.10.06-19.57.53:961][  0]LogConfig: Setting CVar [[r.VolumetricFog.GridPixelSize:8]]
[2019.10.06-19.57.53:961][  0]LogConfig: Setting CVar [[r.VolumetricFog.GridSizeZ:128]]
[2019.10.06-19.57.53:961][  0]LogConfig: Setting CVar [[r.VolumetricFog.HistoryMissSupersampleCount:4]]
[2019.10.06-19.57.53:961][  0]LogConfig: Setting CVar [[r.LightMaxDrawDistanceScale:1]]
[2019.10.06-19.57.53:961][  0]LogConfig: Setting CVar [[r.CapsuleShadows:1]]
[2019.10.06-19.57.53:961][  0]LogConfig: Applying CVar settings from Section [PostProcessQuality@3] File [C:/Users/Dan/Documents/Unreal Projects/CSC567Final/Saved/Config/Windows/Scalability.ini]
[2019.10.06-19.57.53:961][  0]LogConfig: Setting CVar [[r.MotionBlurQuality:4]]
[2019.10.06-19.57.53:962][  0]LogConfig: Setting CVar [[r.AmbientOcclusionMipLevelFactor:0.4]]
[2019.10.06-19.57.53:962][  0]LogConfig: Setting CVar [[r.AmbientOcclusionMaxQuality:100]]
[2019.10.06-19.57.53:962][  0]LogConfig: Setting CVar [[r.AmbientOcclusionLevels:-1]]
[2019.10.06-19.57.53:962][  0]LogConfig: Setting CVar [[r.AmbientOcclusionRadiusScale:1.0]]
[2019.10.06-19.57.53:962][  0]LogConfig: Setting CVar [[r.DepthOfFieldQuality:2]]
[2019.10.06-19.57.53:962][  0]LogConfig: Setting CVar [[r.RenderTargetPoolMin:400]]
[2019.10.06-19.57.53:962][  0]LogConfig: Setting CVar [[r.LensFlareQuality:2]]
[2019.10.06-19.57.53:962][  0]LogConfig: Setting CVar [[r.SceneColorFringeQuality:1]]
[2019.10.06-19.57.53:962][  0]LogConfig: Setting CVar [[r.EyeAdaptationQuality:2]]
[2019.10.06-19.57.53:962][  0]LogConfig: Setting CVar [[r.BloomQuality:5]]
[2019.10.06-19.57.53:962][  0]LogConfig: Setting CVar [[r.FastBlurThreshold:100]]
[2019.10.06-19.57.53:962][  0]LogConfig: Setting CVar [[r.Upscale.Quality:3]]
[2019.10.06-19.57.53:962][  0]LogConfig: Setting CVar [[r.Tonemapper.GrainQuantization:1]]
[2019.10.06-19.57.53:962][  0]LogConfig: Setting CVar [[r.LightShaftQuality:1]]
[2019.10.06-19.57.53:962][  0]LogConfig: Setting CVar [[r.Filter.SizeScale:1]]
[2019.10.06-19.57.53:962][  0]LogConfig: Setting CVar [[r.Tonemapper.Quality:5]]
[2019.10.06-19.57.53:962][  0]LogConfig: Setting CVar [[r.DOF.Gather.AccumulatorQuality:1        ; higher gathering accumulator quality]]
[2019.10.06-19.57.53:962][  0]LogConfig: Setting CVar [[r.DOF.Gather.PostfilterMethod:1          ; Median3x3 postfilering method]]
[2019.10.06-19.57.53:962][  0]LogConfig: Setting CVar [[r.DOF.Gather.EnableBokehSettings:0       ; no bokeh simulation when gathering]]
[2019.10.06-19.57.53:962][  0]LogConfig: Setting CVar [[r.DOF.Gather.RingCount:4                 ; medium number of samples when gathering]]
[2019.10.06-19.57.53:962][  0]LogConfig: Setting CVar [[r.DOF.Scatter.ForegroundCompositing:1    ; additive foreground scattering]]
[2019.10.06-19.57.53:962][  0]LogConfig: Setting CVar [[r.DOF.Scatter.BackgroundCompositing:2    ; additive background scattering]]
[2019.10.06-19.57.53:962][  0]LogConfig: Setting CVar [[r.DOF.Scatter.EnableBokehSettings:1      ; bokeh simulation when scattering]]
[2019.10.06-19.57.53:962][  0]LogConfig: Setting CVar [[r.DOF.Scatter.MaxSpriteRatio:0.1         ; only a maximum of 10% of scattered bokeh]]
[2019.10.06-19.57.53:962][  0]LogConfig: Setting CVar [[r.DOF.Recombine.Quality:1                ; cheap slight out of focus]]
[2019.10.06-19.57.53:962][  0]LogConfig: Setting CVar [[r.DOF.Recombine.EnableBokehSettings:0    ; no bokeh simulation on slight out of focus]]
[2019.10.06-19.57.53:962][  0]LogConfig: Setting CVar [[r.DOF.TemporalAAQuality:1                ; more stable temporal accumulation]]
[2019.10.06-19.57.53:962][  0]LogConfig: Setting CVar [[r.DOF.Kernel.MaxForegroundRadius:0.025]]
[2019.10.06-19.57.53:962][  0]LogConfig: Setting CVar [[r.DOF.Kernel.MaxBackgroundRadius:0.025]]
[2019.10.06-19.57.53:962][  0]LogConfig: Applying CVar settings from Section [TextureQuality@3] File [C:/Users/Dan/Documents/Unreal Projects/CSC567Final/Saved/Config/Windows/Scalability.ini]
[2019.10.06-19.57.53:962][  0]LogConfig: Setting CVar [[r.Streaming.MipBias:0]]
[2019.10.06-19.57.53:962][  0]LogConfig: Setting CVar [[r.Streaming.AmortizeCPUToGPUCopy:0]]
[2019.10.06-19.57.53:962][  0]LogConfig: Setting CVar [[r.Streaming.MaxNumTexturesToStreamPerFrame:0]]
[2019.10.06-19.57.53:962][  0]LogConfig: Setting CVar [[r.Streaming.Boost:1]]
[2019.10.06-19.57.53:962][  0]LogConfig: Setting CVar [[r.MaxAnisotropy:8]]
[2019.10.06-19.57.53:962][  0]LogConfig: Setting CVar [[r.Streaming.LimitPoolSizeToVRAM:0]]
[2019.10.06-19.57.53:962][  0]LogConfig: Setting CVar [[r.Streaming.PoolSize:1000]]
[2019.10.06-19.57.53:962][  0]LogConfig: Setting CVar [[r.Streaming.MaxEffectiveScreenSize:0]]
[2019.10.06-19.57.53:962][  0]LogConfig: Applying CVar settings from Section [EffectsQuality@3] File [C:/Users/Dan/Documents/Unreal Projects/CSC567Final/Saved/Config/Windows/Scalability.ini]
[2019.10.06-19.57.53:964][  0]LogConfig: Setting CVar [[r.TranslucencyLightingVolumeDim:64]]
[2019.10.06-19.57.53:964][  0]LogConfig: Setting CVar [[r.RefractionQuality:2]]
[2019.10.06-19.57.53:964][  0]LogConfig: Setting CVar [[r.SSR.Quality:3]]
[2019.10.06-19.57.53:964][  0]LogConfig: Setting CVar [[r.SceneColorFormat:4]]
[2019.10.06-19.57.53:964][  0]LogConfig: Setting CVar [[r.DetailMode:2]]
[2019.10.06-19.57.53:964][  0]LogConfig: Setting CVar [[r.TranslucencyVolumeBlur:1]]
[2019.10.06-19.57.53:964][  0]LogConfig: Setting CVar [[r.MaterialQualityLevel:1 ; High quality]]
[2019.10.06-19.57.53:964][  0]LogConfig: Setting CVar [[r.SSS.Scale:1]]
[2019.10.06-19.57.53:964][  0]LogConfig: Setting CVar [[r.SSS.SampleSet:2]]
[2019.10.06-19.57.53:964][  0]LogConfig: Setting CVar [[r.SSS.Quality:1]]
[2019.10.06-19.57.53:964][  0]LogConfig: Setting CVar [[r.SSS.HalfRes:1]]
[2019.10.06-19.57.53:964][  0]LogConfig: Setting CVar [[r.EmitterSpawnRateScale:1.0]]
[2019.10.06-19.57.53:964][  0]LogConfig: Setting CVar [[r.ParticleLightQuality:2]]
[2019.10.06-19.57.53:964][  0]LogConfig: Applying CVar settings from Section [FoliageQuality@3] File [C:/Users/Dan/Documents/Unreal Projects/CSC567Final/Saved/Config/Windows/Scalability.ini]
[2019.10.06-19.57.53:964][  0]LogConfig: Setting CVar [[foliage.DensityScale:1.0]]
[2019.10.06-19.57.53:964][  0]LogConfig: Setting CVar [[grass.DensityScale:1.0]]
[2019.10.06-19.57.53:964][  0]LogConfig: Applying CVar settings from Section [Startup] File [../../../Engine/Config/ConsoleVariables.ini]
[2019.10.06-19.57.53:965][  0]LogConfig: Setting CVar [[net.UseAdaptiveNetUpdateFrequency:0]]
[2019.10.06-19.57.53:965][  0]LogConfig: Setting CVar [[p.chaos.AllowCreatePhysxBodies:1]]
[2019.10.06-19.57.53:965][  0]LogConfig: Applying CVar settings from Section [ConsoleVariables] File [C:/Users/Dan/Documents/Unreal Projects/CSC567Final/Saved/Config/Windows/Engine.ini]
[2019.10.06-19.57.53:978][  0]LogInit: Computer: DARLA-PC
[2019.10.06-19.57.53:978][  0]LogInit: User: Dan
[2019.10.06-19.57.53:978][  0]LogInit: CPU Page size=4096, Cores=6
[2019.10.06-19.57.53:978][  0]LogInit: High frequency timer resolution =10.000000 MHz
[2019.10.06-19.57.53:979][  0]LogMemory: Memory total: Physical=7.8GB (8GB approx)
[2019.10.06-19.57.53:979][  0]LogMemory: Platform Memory Stats for Windows
[2019.10.06-19.57.53:979][  0]LogMemory: Process Physical Memory: 100.95 MB used, 100.95 MB peak
[2019.10.06-19.57.53:979][  0]LogMemory: Process Virtual Memory: 88.39 MB used, 88.39 MB peak
[2019.10.06-19.57.53:979][  0]LogMemory: Physical Memory: 4760.51 MB used,  3260.73 MB free, 8021.24 MB total
[2019.10.06-19.57.53:979][  0]LogMemory: Virtual Memory: 4653.73 MB used,  134213072.00 MB free, 134217728.00 MB total
[2019.10.06-19.57.54:036][  0]LogWindows: WindowsPlatformFeatures enabled
[2019.10.06-19.57.54:504][  0]LogInit: Using OS detected language (en-US).
[2019.10.06-19.57.54:505][  0]LogInit: Using OS detected locale (en-US).
[2019.10.06-19.57.54:506][  0]LogTextLocalizationManager: No specific localization for 'en-US' exists, so the 'en' localization will be used.
[2019.10.06-19.57.55:893][  0]LogSlate: New Slate User Created.  User Index 0, Is Virtual User: 0
[2019.10.06-19.57.55:893][  0]LogSlate: Slate User Registered.  User Index 0, Is Virtual User: 0
[2019.10.06-19.57.55:981][  0]LogHMD: Failed to initialize OpenVR with code 110
[2019.10.06-19.57.55:981][  0]LogD3D11RHI: D3D11 adapters:
[2019.10.06-19.57.56:165][  0]LogD3D11RHI:    0. 'Intel(R) UHD Graphics 630' (Feature Level 11_0)
[2019.10.06-19.57.56:165][  0]LogD3D11RHI:       128/0/4010 MB DedicatedVideo/DedicatedSystem/SharedSystem, Outputs:2, VendorId:0x8086
[2019.10.06-19.57.56:258][  0]LogD3D11RHI:    1. 'Microsoft Basic Render Driver' (Feature Level 11_0)
[2019.10.06-19.57.56:258][  0]LogD3D11RHI:       0/0/4010 MB DedicatedVideo/DedicatedSystem/SharedSystem, Outputs:0, VendorId:0x1414
[2019.10.06-19.57.56:258][  0]LogD3D11RHI: Chosen D3D11 Adapter: 0
[2019.10.06-19.57.56:279][  0]LogD3D11RHI: Creating new Direct3DDevice
[2019.10.06-19.57.56:280][  0]LogD3D11RHI:     GPU DeviceId: 0x3e92 (for the marketing name, search the web for "GPU Device Id")
[2019.10.06-19.57.56:288][  0]LogWindows: EnumDisplayDevices:
[2019.10.06-19.57.56:289][  0]LogWindows:    0. 'Intel(R) UHD Graphics 630' (P:1 D:1)
[2019.10.06-19.57.56:291][  0]LogWindows:    1. 'Intel(R) UHD Graphics 630' (P:0 D:1)
[2019.10.06-19.57.56:291][  0]LogWindows:    2. 'Intel(R) UHD Graphics 630' (P:0 D:0)
[2019.10.06-19.57.56:291][  0]LogWindows: DebugString: FoundDriverCount:3 
[2019.10.06-19.57.56:291][  0]LogD3D11RHI:     Adapter Name: Intel(R) UHD Graphics 630
[2019.10.06-19.57.56:301][  0]LogD3D11RHI:   Driver Version: 23.20.16.4973 (internal:23.20.16.4973, unified:23.20.16.4973)
[2019.10.06-19.57.56:301][  0]LogD3D11RHI:      Driver Date: 2-28-2018
[2019.10.06-19.57.56:301][  0]LogRHI: Texture pool is 1493 MB (70% of 2133 MB)
[2019.10.06-19.57.56:337][  0]LogD3D11RHI: Async texture creation enabled
[2019.10.06-19.57.56:403][  0]LogD3D11RHI: GPU Timing Frequency: 12.000048 (Debug: 2 0)
[2019.10.06-19.57.57:367][  0]LogTemp: Display: Module 'WindowsClientTargetPlatform' loaded TargetPlatform 'WindowsClient'
[2019.10.06-19.57.57:392][  0]LogTemp: Display: Module 'WindowsNoEditorTargetPlatform' loaded TargetPlatform 'WindowsNoEditor'
[2019.10.06-19.57.57:418][  0]LogTemp: Display: Module 'WindowsServerTargetPlatform' loaded TargetPlatform 'WindowsServer'
[2019.10.06-19.57.57:439][  0]LogTemp: Display: Module 'WindowsTargetPlatform' loaded TargetPlatform 'Windows'
[2019.10.06-19.57.57:439][  0]LogTargetPlatformManager: Display: Building Assets For Windows
[2019.10.06-19.57.57:564][  0]LogAudioDebug: Display: Lib vorbis DLL was dynamically loaded.
[2019.10.06-19.57.58:139][  0]LogShaderCompilers: Guid format shader working directory is -22 characters bigger than the processId version (../../../../../../Users/Dan/Documents/Unreal Projects/CSC567Final/Intermediate/Shaders/WorkingDirectory/14240/).
[2019.10.06-19.57.58:152][  0]LogShaderCompilers: Cleaned the shader compiler working directory 'C:/Users/Dan/AppData/Local/Temp/UnrealShaderWorkingDir/F0E22F0745CA5A27C06DBD99FFC8E872/'.
[2019.10.06-19.57.58:191][  0]LogXGEController: Cannot use XGE Controller as Incredibuild is not installed on this machine.
[2019.10.06-19.57.58:192][  0]LogShaderCompilers: Cannot use XGE Shader Compiler as Incredibuild is not installed on this machine.
[2019.10.06-19.57.58:192][  0]LogShaderCompilers: Display: Using Local Shader Compiler.
[2019.10.06-19.57.59:617][  0]LogDerivedDataCache: Display: Max Cache Size: 512 MB
[2019.10.06-19.58.00:289][  0]LogDerivedDataCache: Loaded boot cache 0.66s 73MB C:/Users/Dan/AppData/Local/UnrealEngine/4.23/DerivedDataCache/Boot.ddc.
[2019.10.06-19.58.00:289][  0]LogDerivedDataCache: Display: Loaded Boot cache: C:/Users/Dan/AppData/Local/UnrealEngine/4.23/DerivedDataCache/Boot.ddc
[2019.10.06-19.58.00:289][  0]LogDerivedDataCache: FDerivedDataBackendGraph:  Pak pak cache file ../../../../../../Users/Dan/Documents/Unreal Projects/CSC567Final/DerivedDataCache/DDC.ddp not found, will not use a pak cache.
[2019.10.06-19.58.00:289][  0]LogDerivedDataCache: Unable to find inner node Pak for hierarchical cache Hierarchy.
[2019.10.06-19.58.00:289][  0]LogDerivedDataCache: FDerivedDataBackendGraph:  CompressedPak pak cache file ../../../../../../Users/Dan/Documents/Unreal Projects/CSC567Final/DerivedDataCache/Compressed.ddp not found, will not use a pak cache.
[2019.10.06-19.58.00:289][  0]LogDerivedDataCache: Unable to find inner node CompressedPak for hierarchical cache Hierarchy.
[2019.10.06-19.58.00:330][  0]LogDerivedDataCache: Display: Pak cache opened for reading ../../../Engine/DerivedDataCache/Compressed.ddp.
[2019.10.06-19.58.00:331][  0]LogDerivedDataCache: FDerivedDataBackendGraph:  EnterprisePak pak cache file ../../../Enterprise/DerivedDataCache/Compressed.ddp not found, will not use a pak cache.
[2019.10.06-19.58.00:331][  0]LogDerivedDataCache: Unable to find inner node EnterprisePak for hierarchical cache Hierarchy.
[2019.10.06-19.58.00:334][  0]LogDerivedDataCache: Using Local data cache path C:/Users/Dan/AppData/Local/UnrealEngine/Common/DerivedDataCache: Writable
[2019.10.06-19.58.00:334][  0]LogDerivedDataCache: Shared data cache path not found in *engine.ini, will not use an Shared cache.
[2019.10.06-19.58.00:334][  0]LogDerivedDataCache: Unable to find inner node Shared for hierarchical cache Hierarchy.
[2019.10.06-19.58.00:722][  0]LogMaterial: Verifying Global Shaders for PCD3D_ES2
[2019.10.06-19.58.00:768][  0]LogSlate: Using FreeType 2.6.0
[2019.10.06-19.58.00:824][  0]LogSlate: SlateFontServices - WITH_FREETYPE: 1, WITH_HARFBUZZ: 1
[2019.10.06-19.58.01:247][  0]LogInit: Using OS detected language (en-US).
[2019.10.06-19.58.01:247][  0]LogInit: Using OS detected locale (en-US).
[2019.10.06-19.58.01:247][  0]LogTextLocalizationManager: No localization for 'en-US' exists, so 'en' will be used for the language.
[2019.10.06-19.58.01:247][  0]LogTextLocalizationManager: No localization for 'en-US' exists, so 'en' will be used for the locale.
[2019.10.06-19.58.01:248][  0]LogSlate: FontCache flush requested. Reason: Culture for localization was changed
[2019.10.06-19.58.01:248][  0]LogSlate: FontCache flush requested. Reason: Culture for localization was changed
[2019.10.06-19.58.01:255][  0]LogTextLocalizationManager: Compacting localization data took   0.00ms
[2019.10.06-19.58.01:288][  0]LogAssetRegistry: FAssetRegistry took 0.0022 seconds to start up
[2019.10.06-19.58.02:997][  0]LogPackageLocalizationCache: Processed 14 localized package path(s) for 1 prioritized culture(s) in 0.002345 seconds
[2019.10.06-19.58.03:266][  0]LogInit: Selected Device Profile: [Windows]
[2019.10.06-19.58.04:193][  0]LogMeshReduction: Using QuadricMeshReduction for automatic static mesh reduction
[2019.10.06-19.58.04:193][  0]LogMeshReduction: Using SimplygonMeshReduction for automatic skeletal mesh reduction
[2019.10.06-19.58.04:193][  0]LogMeshReduction: Using ProxyLODMeshReduction for automatic mesh merging
[2019.10.06-19.58.04:193][  0]LogMeshReduction: No distributed automatic mesh merging module available
[2019.10.06-19.58.04:195][  0]LogMeshMerging: No distributed automatic mesh merging module available
[2019.10.06-19.58.04:353][  0]LogNetVersion: CSC567Final 1.0.0, NetCL: 8386587, EngineNetVer: 11, GameNetVer: 0 (Checksum: 2786816331)
[2019.10.06-19.58.09:823][  0]LogMoviePlayer: Initializing movie player
[2019.10.06-19.58.10:533][  0]LogTcpMessaging: Initializing TcpMessaging bridge
[2019.10.06-19.58.10:571][  0]LogUdpMessaging: Initializing bridge on interface 0.0.0.0:0 to multicast group 230.0.0.1:6666.
[2019.10.06-19.58.11:010][  0]SourceControl: Source control is disabled
[2019.10.06-19.58.11:010][  0]SourceControl: Source control is disabled
[2019.10.06-19.58.11:058][  0]SourceControl: Source control is disabled
[2019.10.06-19.58.11:158][  0]LogVSAccessor: Display: Unable to create Visual Studio setup instance: 80040154
[2019.10.06-19.58.11:161][  0]LogVSAccessor: Display: Unable to create Visual Studio setup instance: 80040154
[2019.10.06-19.58.11:595][  0]LogAndroidPermission: UAndroidPermissionCallbackProxy::GetInstance
[2019.10.06-19.58.12:269][  0]LogOcInput: OculusInput pre-init called
[2019.10.06-19.58.12:328][  0]LogUObjectArray: 49309 objects as part of root set at end of initial load.
[2019.10.06-19.58.12:328][  0]LogUObjectAllocator: 8703496 out of 0 bytes used by permanent object pool.
[2019.10.06-19.58.12:328][  0]LogUObjectArray: CloseDisregardForGC: 0/0 objects in disregard for GC pool
[2019.10.06-19.58.13:082][  0]LogEngine: Initializing Engine...
[2019.10.06-19.58.13:104][  0]LogHMD: Failed to initialize OpenVR with code 110
[2019.10.06-19.58.13:117][  0]LogStats: UGameplayTagsManager::InitializeManager -  0.002 s
[2019.10.06-19.58.13:295][  0]LogMaterial: Display: Missing cached shader map for material MAT_LevelColorationLitLightmapUV, compiling. Is special engine material.
[2019.10.06-19.58.14:125][  0]LogShaderCompilers: Display: Worker (1/3): shaders left to compile 655
[2019.10.06-19.58.14:125][  0]LogShaderCompilers: Display: Worker (2/3): shaders left to compile 645
[2019.10.06-19.58.14:125][  0]LogShaderCompilers: Display: Worker (3/3): shaders left to compile 635
[2019.10.06-19.58.14:125][  0]LogMaterial: Display: Missing cached shader map for material ShadedLevelColorationLitMaterial, compiling. Is special engine material.
[2019.10.06-19.58.14:673][  0]LogMaterial: Display: Missing cached shader map for material ShadedLevelColorationUnlitMateri, compiling. Is special engine material.
[2019.10.06-19.58.14:812][  0]LogMaterial: Display: Missing cached shader map for material VertexColorMaterial, compiling. 
[2019.10.06-19.58.15:062][  0]LogMaterial: Display: Missing cached shader map for material VertexColorViewMode_ColorOnly, compiling. 
[2019.10.06-19.58.15:100][  0]LogMaterial: Display: Missing cached shader map for material VertexColorViewMode_AlphaAsColor, compiling. 
[2019.10.06-19.58.15:156][  0]LogMaterial: Display: Missing cached shader map for material VertexColorViewMode_RedOnly, compiling. 
[2019.10.06-19.58.15:220][  0]LogMaterial: Display: Missing cached shader map for material VertexColorViewMode_GreenOnly, compiling. 
[2019.10.06-19.58.15:282][  0]LogMaterial: Display: Missing cached shader map for material VertexColorViewMode_BlueOnly, compiling. 
[2019.10.06-19.58.15:345][  0]LogMaterial: Display: Missing cached shader map for material RemoveSurfaceMaterial, compiling. 
[2019.10.06-19.58.15:389][  0]LogMaterial: Display: Missing cached shader map for material DebugMeshMaterial, compiling. 
[2019.10.06-19.58.15:458][  0]LogMaterial: Display: Missing cached shader map for material EmissiveMeshMaterial, compiling. 
[2019.10.06-19.58.15:490][  0]LogMaterial: Display: Missing cached shader map for material M_InvalidLightmapSettings, compiling. 
[2019.10.06-19.58.15:584][  0]LogMaterial: Display: Missing cached shader map for material GizmoMaterial, compiling. 
[2019.10.06-19.58.15:627][  0]LogMaterial: Display: Missing cached shader map for material PhAT_JointLimitMaterial, compiling. 
[2019.10.06-19.58.16:006][  0]LogInit: Initializing FReadOnlyCVARCache
[2019.10.06-19.58.16:304][  0]LogInit: No audio devices found!
[2019.10.06-19.58.16:316][  0]LogNetVersion: Set ProjectVersion to 1.0.0.0. Version Checksum will be recalculated on next use.
[2019.10.06-19.58.16:332][  0]LogInit: Texture streaming: Enabled
[2019.10.06-19.58.16:412][  0]LogMaterial: Display: Missing cached shader map for material BaseColor, compiling. 
[2019.10.06-19.58.16:463][  0]LogMaterial: Display: Missing cached shader map for material CustomDepth, compiling. 
[2019.10.06-19.58.16:607][  0]LogMaterial: Display: Missing cached shader map for material CustomStencil, compiling. 
[2019.10.06-19.58.16:633][  0]LogMaterial: Display: Missing cached shader map for material FinalImage, compiling. 
[2019.10.06-19.58.16:705][  0]LogMaterial: Display: Missing cached shader map for material LightingModel, compiling. 
[2019.10.06-19.58.16:726][  0]LogMaterial: Display: Missing cached shader map for material MaterialAO, compiling. 
[2019.10.06-19.58.16:740][  0]LogMaterial: Display: Missing cached shader map for material Metallic, compiling. 
[2019.10.06-19.58.16:767][  0]LogMaterial: Display: Missing cached shader map for material Opacity, compiling. 
[2019.10.06-19.58.16:819][  0]LogMaterial: Display: Missing cached shader map for material Roughness, compiling. 
[2019.10.06-19.58.16:864][  0]LogMaterial: Display: Missing cached shader map for material SceneColor, compiling. 
[2019.10.06-19.58.16:924][  0]LogMaterial: Display: Missing cached shader map for material SceneDepth, compiling. 
[2019.10.06-19.58.16:954][  0]LogMaterial: Display: Missing cached shader map for material SeparateTranslucencyRGB, compiling. 
[2019.10.06-19.58.16:968][  0]LogMaterial: Display: Missing cached shader map for material SeparateTranslucencyA, compiling. 
[2019.10.06-19.58.17:001][  0]LogMaterial: Display: Missing cached shader map for material Specular, compiling. 
[2019.10.06-19.58.17:032][  0]LogMaterial: Display: Missing cached shader map for material SubsurfaceColor, compiling. 
[2019.10.06-19.58.17:067][  0]LogMaterial: Display: Missing cached shader map for material WorldNormal, compiling. 
[2019.10.06-19.58.17:174][  0]LogMaterial: Display: Missing cached shader map for material AmbientOcclusion, compiling. 
[2019.10.06-19.58.17:281][  0]LogMaterial: Display: Missing cached shader map for material CustomDepthWorldUnits, compiling. 
[2019.10.06-19.58.17:329][  0]LogMaterial: Display: Missing cached shader map for material SceneDepthWorldUnits, compiling. 
[2019.10.06-19.58.17:422][  0]LogMaterial: Display: Missing cached shader map for material Velocity, compiling. 
[2019.10.06-19.58.17:485][  0]LogMaterial: Display: Missing cached shader map for material PreTonemapHDRColor, compiling. 
[2019.10.06-19.58.17:549][  0]LogMaterial: Display: Missing cached shader map for material PostTonemapHDRColor, compiling. 
[2019.10.06-19.58.18:128][  0]LogSlate: Updating window title bar state: overlay mode, drag disabled, window buttons hidden, title bar hidden
[2019.10.06-19.58.18:140][  0]LogInit: Display: Game Engine Initialized.
[2019.10.06-19.58.19:527][  0]LogMaterial: Display: Missing cached shader map for material OculusMR_WhiteMaterial, compiling. 
[2019.10.06-19.58.19:636][  0]LogMaterial: Display: Missing cached shader map for material OculusMR_ChromaKey, compiling. 
[2019.10.06-19.58.19:695][  0]LogMaterial: Display: Missing cached shader map for material OculusMR_ChromaKey_Lit, compiling. 
[2019.10.06-19.58.19:755][  0]LogMaterial: Display: Missing cached shader map for material OculusMR_OpaqueColoredMaterial, compiling. 
[2019.10.06-19.58.19:829][  0]LogInit: Display: Starting Game.
[2019.10.06-19.58.19:829][  0]LogNet: Browse: /Game/Levels/World?Name=Player
[2019.10.06-19.58.19:829][  0]LogLoad: LoadMap: /Game/Levels/World?Name=Player
[2019.10.06-19.58.19:829][  0]LogWorld: BeginTearingDown for /Temp/Untitled_0
[2019.10.06-19.58.19:831][  0]LogWorld: UWorld::CleanupWorld for Untitled, bSessionEnded=true, bCleanupResources=true
[2019.10.06-19.58.19:870][  0]LogUObjectHash: Compacting FUObjectHashTables data took   2.53ms
[2019.10.06-19.58.20:267][  0]LogAIModule: Creating AISystem for world World
[2019.10.06-19.58.21:196][  0]LogMaterial: Display: Missing cached shader map for material M_ContactShadow, compiling. 
[2019.10.06-19.58.21:209][  0]LogMaterial: Display: Missing cached shader map for material BasicShapeMaterial, compiling. 
[2019.10.06-19.58.21:480][  0]LogLoad: Game class is 'BP_ARGameMode_C'
[2019.10.06-19.58.21:514][  0]LogWorld: Bringing World /Game/Levels/World.World up for play (max tick rate 0) at 2019.10.06-13.58.21
[2019.10.06-19.58.21:514][  0]LogWorld: Bringing up level for play took: 0.032550
[2019.10.06-19.58.21:518][  0]LogGameMode: FindPlayerStart: PATHS NOT DEFINED or NO PLAYERSTART with positive rating
[2019.10.06-19.58.21:581][  0]PIE: Warning: The widget 'BP_DebugMenu_C' was already added to the screen.
[2019.10.06-19.58.21:581][  0]LogLoad: Took 1.752583 seconds to LoadMap(/Game/Levels/World)
[2019.10.06-19.58.21:635][  0]LogAnsel: gameWindowHandle= 000000000007022C
[2019.10.06-19.58.21:635][  0]LogAnsel: We reckon 0.010000 meters to 1 world unit
[2019.10.06-19.58.21:635][  0]LogAnsel: DeconfigureAnsel setConfiguration returned 2
[2019.10.06-19.58.22:341][  0]LogRenderer: Reallocating scene render targets to support 1280x720 Format 2 NumSamples 1 (Frame:1).
[2019.10.06-19.58.22:341][  0]LogLoad: (Engine Initialization) Total time: 42.40 seconds
[2019.10.06-19.58.22:341][  0]LogLoad: (Engine Initialization) Total Blueprint compile time: 0.00 seconds
[2019.10.06-19.58.22:427][  0]LogContentStreaming: Texture pool size now 1000 MB
[2019.10.06-19.58.25:419][153]LogSlate: FSceneViewport::OnFocusLost() reason 0
[2019.10.06-19.58.29:507][385]LogSlate: Window 'CSC567Final (64-bit Development PCD3D_ES2) ' being destroyed
[2019.10.06-19.58.29:509][385]LogWindowsTextInputMethodSystem: Display: IME system now deactivated.
[2019.10.06-19.58.29:563][385]LogSlate: Updating window title bar state: overlay mode, drag disabled, window buttons hidden, title bar hidden
[2019.10.06-19.58.29:564][385]LogEngine: All Windows Closed
[2019.10.06-19.58.29:564][385]LogWindows: FPlatformMisc::RequestExit(0)
[2019.10.06-19.58.29:636][386]LogWorld: BeginTearingDown for /Game/Levels/World
[2019.10.06-19.58.29:665][386]LogWorld: UWorld::CleanupWorld for World, bSessionEnded=true, bCleanupResources=true
[2019.10.06-19.58.30:245][386]LogExit: Preparing to exit.
[2019.10.06-19.58.30:245][386]LogMoviePlayer: Shutting down movie player
[2019.10.06-19.58.31:080][386]LogSlate: Updating window title bar state: overlay mode, drag disabled, window buttons hidden, title bar hidden
[2019.10.06-19.58.31:186][386]LogDemo: Cleaned up 0 splitscreen connections with owner deletion
[2019.10.06-19.58.31:277][386]LogExit: Game engine shut down
[2019.10.06-19.58.32:783][386]LogShaderCompilers: Display: Worker (1/3): shaders left to compile 2070
[2019.10.06-19.58.32:783][386]LogExit: Object subsystem successfully closed.
[2019.10.06-19.58.32:969][386]LogShaderCompilers: Display: Shaders left to compile 0
[2019.10.06-19.58.33:629][386]LogModuleManager: Shutting down and abandoning module SequenceRecorderSections (416)
[2019.10.06-19.58.33:629][386]LogModuleManager: Shutting down and abandoning module SequenceRecorder (414)
[2019.10.06-19.58.33:629][386]LogModuleManager: Shutting down and abandoning module AutomationController (412)
[2019.10.06-19.58.33:636][386]LogModuleManager: Shutting down and abandoning module AutomationWorker (410)
[2019.10.06-19.58.33:636][386]LogModuleManager: Shutting down and abandoning module Voice (408)
[2019.10.06-19.58.33:638][386]LogModuleManager: Shutting down and abandoning module AIModule (406)
[2019.10.06-19.58.33:639][386]LogModuleManager: Shutting down and abandoning module GameplayDebugger (405)
[2019.10.06-19.58.33:650][386]LogModuleManager: Shutting down and abandoning module AITestSuite (403)
[2019.10.06-19.58.33:650][386]LogModuleManager: Shutting down and abandoning module NavigationSystem (401)
[2019.10.06-19.58.33:650][386]LogModuleManager: Shutting down and abandoning module OculusMR (398)
[2019.10.06-19.58.33:650][386]LogModuleManager: Shutting down and abandoning module WmfMediaFactory (396)
[2019.10.06-19.58.33:650][386]LogModuleManager: Shutting down and abandoning module WebMMediaFactory (394)
[2019.10.06-19.58.33:650][386]LogModuleManager: Shutting down and abandoning module WebMMedia (392)
[2019.10.06-19.58.33:650][386]LogModuleManager: Shutting down and abandoning module OpenExrWrapper (390)
[2019.10.06-19.58.33:650][386]LogModuleManager: Shutting down and abandoning module ImgMediaFactory (388)
[2019.10.06-19.58.33:650][386]LogModuleManager: Shutting down and abandoning module AvfMediaFactory (386)
[2019.10.06-19.58.33:650][386]LogModuleManager: Shutting down and abandoning module MagicLeapCameraPreviewFactory (384)
[2019.10.06-19.58.33:650][386]LogModuleManager: Shutting down and abandoning module MagicLeapMediaCodecFactory (382)
[2019.10.06-19.58.33:650][386]LogModuleManager: Shutting down and abandoning module MagicLeapMediaFactory (380)
[2019.10.06-19.58.33:651][386]LogModuleManager: Shutting down and abandoning module CharacterAI (378)
[2019.10.06-19.58.33:651][386]LogModuleManager: Shutting down and abandoning module SessionServices (376)
[2019.10.06-19.58.33:651][386]LogModuleManager: Shutting down and abandoning module MovieSceneCapture (374)
[2019.10.06-19.58.33:669][386]LogModuleManager: Shutting down and abandoning module LiveCoding (372)
[2019.10.06-19.58.33:674][386]LogModuleManager: Shutting down and abandoning module LevelSequence (370)
[2019.10.06-19.58.33:676][386]LogModuleManager: Shutting down and abandoning module MovieSceneTracks (368)
[2019.10.06-19.58.33:676][386]LogModuleManager: Shutting down and abandoning module MovieScene (366)
[2019.10.06-19.58.33:676][386]LogModuleManager: Shutting down and abandoning module StreamingPauseRendering (364)
[2019.10.06-19.58.33:680][386]LogModuleManager: Shutting down and abandoning module PortalServices (362)
[2019.10.06-19.58.33:680][386]LogModuleManager: Shutting down and abandoning module PortalRpc (360)
[2019.10.06-19.58.33:680][386]LogModuleManager: Shutting down and abandoning module MessagingRpc (358)
[2019.10.06-19.58.33:680][386]LogModuleManager: Shutting down and abandoning module ImageWriteQueue (356)
[2019.10.06-19.58.33:697][386]LogModuleManager: Shutting down and abandoning module ProfilerService (354)
[2019.10.06-19.58.33:832][386]LogModuleManager: Shutting down and abandoning module TaskGraph (352)
[2019.10.06-19.58.33:841][386]LogModuleManager: Shutting down and abandoning module SteamVRController (350)
[2019.10.06-19.58.33:841][386]LogModuleManager: Shutting down and abandoning module ProceduralMeshComponent (348)
[2019.10.06-19.58.33:841][386]LogModuleManager: Shutting down and abandoning module OculusInput (346)
[2019.10.06-19.58.33:841][386]LogModuleManager: Shutting down and abandoning module MobilePatchingUtils (344)
[2019.10.06-19.58.33:841][386]LogModuleManager: Shutting down and abandoning module EditableMesh (342)
[2019.10.06-19.58.33:841][386]LogModuleManager: Shutting down and abandoning module CustomMeshComponent (340)
[2019.10.06-19.58.33:841][386]LogModuleManager: Shutting down and abandoning module CableComponent (338)
[2019.10.06-19.58.33:841][386]LogModuleManager: Shutting down and abandoning module AudioCapture (336)
[2019.10.06-19.58.33:841][386]LogModuleManager: Shutting down and abandoning module ArchVisCharacter (334)
[2019.10.06-19.58.33:841][386]LogModuleManager: Shutting down and abandoning module GoogleARCoreBase (332)
[2019.10.06-19.58.33:847][386]LogModuleManager: Shutting down and abandoning module AppleImageUtilsBlueprintSupport (330)
[2019.10.06-19.58.33:847][386]LogModuleManager: Shutting down and abandoning module AppleImageUtils (328)
[2019.10.06-19.58.33:847][386]LogModuleManager: Shutting down and abandoning module AndroidPermission (326)
[2019.10.06-19.58.33:847][386]LogModuleManager: Shutting down and abandoning module NUTUnrealEngine4 (324)
[2019.10.06-19.58.33:848][386]LogModuleManager: Shutting down and abandoning module NetcodeUnitTest (322)
[2019.10.06-19.58.33:855][386]LogModuleManager: Shutting down and abandoning module MediaCompositing (320)
[2019.10.06-19.58.33:855][386]LogModuleManager: Shutting down and abandoning module ImgMedia (318)
[2019.10.06-19.58.33:862][386]LogModuleManager: Shutting down and abandoning module MagicLeapHelperVulkan (316)
[2019.10.06-19.58.33:862][386]LogModuleManager: Shutting down and abandoning module MagicLeapHelperOpenGL (314)
[2019.10.06-19.58.33:862][386]LogModuleManager: Shutting down and abandoning module MagicLeapAudio (312)
[2019.10.06-19.58.33:862][386]LogModuleManager: Shutting down and abandoning module HTML5Networking (310)
[2019.10.06-19.58.33:862][386]LogModuleManager: Shutting down and abandoning module GeometryCacheTracks (308)
[2019.10.06-19.58.33:862][386]LogModuleManager: Shutting down and abandoning module GeometryCacheSequencer (307)
[2019.10.06-19.58.33:862][386]LogModuleManager: Shutting down and abandoning module GeometryCache (304)
[2019.10.06-19.58.33:862][386]LogModuleManager: Shutting down and abandoning module GeometryCacheEd (303)
[2019.10.06-19.58.33:862][386]LogModuleManager: Shutting down and abandoning module BackChannel (300)
[2019.10.06-19.58.33:862][386]LogModuleManager: Shutting down and abandoning module AutomationUtils (298)
[2019.10.06-19.58.33:863][386]LogModuleManager: Shutting down and abandoning module VariantManagerContent (296)
[2019.10.06-19.58.33:863][386]LogModuleManager: Shutting down and abandoning module CryptoKeysOpenSSL (294)
[2019.10.06-19.58.33:863][386]LogModuleManager: Shutting down and abandoning module CryptoKeys (292)
[2019.10.06-19.58.33:863][386]LogModuleManager: Shutting down and abandoning module VisualStudioSourceCodeAccess (290)
[2019.10.06-19.58.33:870][386]LogModuleManager: Shutting down and abandoning module HotReload (289)
[2019.10.06-19.58.33:882][386]LogModuleManager: Shutting down and abandoning module DirectoryWatcher (288)
[2019.10.06-19.58.33:892][386]LogModuleManager: Shutting down and abandoning module VisualStudioCodeSourceCodeAccess (284)
[2019.10.06-19.58.33:892][386]LogModuleManager: Shutting down and abandoning module UObjectPlugin (282)
[2019.10.06-19.58.33:892][386]LogModuleManager: Shutting down and abandoning module SubversionSourceControl (280)
[2019.10.06-19.58.33:903][386]LogModuleManager: Shutting down and abandoning module PerforceSourceControl (278)
[2019.10.06-19.58.33:909][386]LogModuleManager: Shutting down and abandoning module SourceControl (277)
[2019.10.06-19.58.33:909][386]LogModuleManager: Shutting down and abandoning module CLionSourceCodeAccess (274)
[2019.10.06-19.58.33:909][386]LogModuleManager: Shutting down and abandoning module ActorLayerUtilities (272)
[2019.10.06-19.58.33:909][386]LogModuleManager: Shutting down and abandoning module SignificanceManager (270)
[2019.10.06-19.58.33:909][386]LogModuleManager: Shutting down and abandoning module RuntimePhysXCooking (268)
[2019.10.06-19.58.33:909][386]LogModuleManager: Shutting down and abandoning module PhysXVehiclesEditor (266)
[2019.10.06-19.58.33:909][386]LogModuleManager: Shutting down and abandoning module LocationServicesBPLibrary (262)
[2019.10.06-19.58.33:909][386]LogModuleManager: Shutting down and abandoning module ActorSequence (260)
[2019.10.06-19.58.33:909][386]LogModuleManager: Shutting down and abandoning module UdpMessaging (258)
[2019.10.06-19.58.34:010][386]LogModuleManager: Shutting down and abandoning module TcpMessaging (256)
[2019.10.06-19.58.34:139][386]LogModuleManager: Shutting down and abandoning module MagicLeapIdentity (254)
[2019.10.06-19.58.34:139][386]LogModuleManager: Shutting down and abandoning module MagicLeapSecureStorage (252)
[2019.10.06-19.58.34:139][386]LogModuleManager: Shutting down and abandoning module MagicLeapHandTracking (250)
[2019.10.06-19.58.34:146][386]LogModuleManager: Shutting down and abandoning module MagicLeapEyeTracker (248)
[2019.10.06-19.58.34:146][386]LogModuleManager: Shutting down and abandoning module MagicLeapController (246)
[2019.10.06-19.58.34:146][386]LogSlate: Slate User Destroyed.  User Index 0, Is Virtual User: 0
[2019.10.06-19.58.34:147][386]LogModuleManager: Shutting down and abandoning module MagicLeapAR (244)
[2019.10.06-19.58.34:147][386]LogModuleManager: Shutting down and abandoning module GameplayTagsEditor (242)
[2019.10.06-19.58.34:147][386]LogModuleManager: Shutting down and abandoning module FacialAnimation (240)
[2019.10.06-19.58.34:147][386]LogModuleManager: Shutting down and abandoning module AssetManagerEditor (238)
[2019.10.06-19.58.34:174][386]LogModuleManager: Shutting down and abandoning module TreeMap (237)
[2019.10.06-19.58.34:180][386]LogModuleManager: Shutting down and abandoning module AnimationSharing (234)
[2019.10.06-19.58.34:180][386]LogModuleManager: Shutting down and abandoning module LightPropagationVolumeRuntime (232)
[2019.10.06-19.58.34:180][386]LogModuleManager: Shutting down and abandoning module Paper2D (230)
[2019.10.06-19.58.34:189][386]LogModuleManager: Shutting down and abandoning module WindowsMoviePlayer (228)
[2019.10.06-19.58.34:201][386]LogModuleManager: Shutting down and abandoning module WebMMoviePlayer (226)
[2019.10.06-19.58.34:201][386]LogModuleManager: Shutting down and abandoning module NetworkReplayStreaming (224)
[2019.10.06-19.58.34:201][386]LogModuleManager: Shutting down and abandoning module PacketHandler (222)
[2019.10.06-19.58.34:201][386]LogModuleManager: Shutting down and abandoning module ClothingSystemEditor (220)
[2019.10.06-19.58.34:201][386]LogModuleManager: Shutting down and abandoning module ClothingSystemRuntime (218)
[2019.10.06-19.58.34:217][386]LogModuleManager: Shutting down and abandoning module MediaAssets (216)
[2019.10.06-19.58.34:217][386]LogModuleManager: Shutting down and abandoning module Overlay (214)
[2019.10.06-19.58.34:217][386]LogModuleManager: Shutting down and abandoning module OverlayEditor (213)
[2019.10.06-19.58.34:217][386]LogModuleManager: Shutting down and abandoning module VREditor (210)
[2019.10.06-19.58.34:260][386]LogModuleManager: Shutting down and abandoning module StringTableEditor (208)
[2019.10.06-19.58.34:282][386]LogModuleManager: Shutting down and abandoning module GameplayTasksEditor (206)
[2019.10.06-19.58.34:282][386]LogModuleManager: Shutting down and abandoning module BehaviorTreeEditor (204)
[2019.10.06-19.58.34:332][386]LogModuleManager: Shutting down and abandoning module FunctionalTesting (202)
[2019.10.06-19.58.34:345][386]LogModuleManager: Shutting down and abandoning module CollisionAnalyzer (200)
[2019.10.06-19.58.34:374][386]LogModuleManager: Shutting down and abandoning module WorkspaceMenuStructure (199)
[2019.10.06-19.58.34:374][386]LogModuleManager: Shutting down and abandoning module UMG (196)
[2019.10.06-19.58.34:374][386]LogModuleManager: Shutting down and abandoning module UMGEditor (195)
[2019.10.06-19.58.34:394][386]LogModuleManager: Shutting down and abandoning module Sequencer (194)
[2019.10.06-19.58.34:400][386]LogModuleManager: Shutting down and abandoning module MessageLog (191)
[2019.10.06-19.58.34:400][386]LogModuleManager: Shutting down and abandoning module SlateReflector (186)
[2019.10.06-19.58.34:484][386]LogModuleManager: Shutting down and abandoning module Slate (184)
[2019.10.06-19.58.34:484][386]LogModuleManager: Shutting down and abandoning module LandscapeEditorUtilities (182)
[2019.10.06-19.58.34:484][386]LogModuleManager: Shutting down and abandoning module EditorStyle (180)
[2019.10.06-19.58.34:486][386]LogModuleManager: Shutting down and abandoning module UnrealEd (178)
[2019.10.06-19.58.34:486][386]LogModuleManager: Shutting down and abandoning module MRMesh (176)
[2019.10.06-19.58.34:486][386]LogModuleManager: Shutting down and abandoning module Messaging (174)
[2019.10.06-19.58.34:486][386]LogModuleManager: Shutting down and abandoning module SourceCodeAccess (172)
[2019.10.06-19.58.34:486][386]LogModuleManager: Shutting down and abandoning module HeadMountedDisplay (170)
[2019.10.06-19.58.34:486][386]LogModuleManager: Shutting down and abandoning module XAudio2 (168)
[2019.10.06-19.58.34:486][386]LogModuleManager: Shutting down and abandoning module Networking (166)
[2019.10.06-19.58.34:486][386]LogModuleManager: Shutting down and abandoning module Core (164)
[2019.10.06-19.58.34:486][386]LogModuleManager: Shutting down and abandoning module KismetCompiler (162)
[2019.10.06-19.58.34:486][386]LogModuleManager: Shutting down and abandoning module MeshUtilities (160)
[2019.10.06-19.58.34:506][386]LogModuleManager: Shutting down and abandoning module MeshMergeUtilities (159)
[2019.10.06-19.58.34:536][386]LogModuleManager: Shutting down and abandoning module MeshReductionInterface (158)
[2019.10.06-19.58.34:536][386]LogModuleManager: Shutting down and abandoning module SkeletalMeshReduction (157)
[2019.10.06-19.58.34:564][386]LogModuleManager: Shutting down and abandoning module ProxyLODMeshReduction (155)
[2019.10.06-19.58.34:587][386]LogModuleManager: Shutting down and abandoning module QuadricMeshReduction (153)
[2019.10.06-19.58.34:604][386]LogModuleManager: Shutting down and abandoning module MaterialBaking (149)
[2019.10.06-19.58.34:606][386]LogModuleManager: Shutting down and abandoning module NullInstallBundleManager (144)
[2019.10.06-19.58.34:606][386]LogModuleManager: Shutting down and abandoning module PIEPreviewDeviceProfileSelector (142)
[2019.10.06-19.58.34:622][386]LogModuleManager: Shutting down and abandoning module DerivedDataCache (140)
[2019.10.06-19.58.34:728][386]LogDerivedDataCache: Shutdown
[2019.10.06-19.58.34:728][386]LogModuleManager: Shutting down and abandoning module XGEController (138)
[2019.10.06-19.58.34:737][386]LogModuleManager: Shutting down and abandoning module TargetPlatform (136)
[2019.10.06-19.58.34:743][386]LogModuleManager: Shutting down and abandoning module VulkanShaderFormat (135)
[2019.10.06-19.58.34:753][386]LogModuleManager: Shutting down and abandoning module ShaderFormatVectorVM (133)
[2019.10.06-19.58.34:766][386]LogModuleManager: Shutting down and abandoning module ShaderFormatOpenGL (131)
[2019.10.06-19.58.34:783][386]LogModuleManager: Shutting down and abandoning module ShaderFormatD3D (129)
[2019.10.06-19.58.34:813][386]LogModuleManager: Shutting down and abandoning module MetalShaderFormat (127)
[2019.10.06-19.58.34:826][386]LogModuleManager: Shutting down and abandoning module TextureFormatUncompressed (125)
[2019.10.06-19.58.34:827][386]LogModuleManager: Shutting down and abandoning module TextureFormatPVR (123)
[2019.10.06-19.58.34:827][386]LogModuleManager: Shutting down and abandoning module TextureFormatDXT (121)
[2019.10.06-19.58.34:827][386]LogModuleManager: Shutting down and abandoning module TextureFormatIntelISPCTexComp (119)
[2019.10.06-19.58.34:834][386]LogModuleManager: Shutting down and abandoning module TextureFormatASTC (117)
[2019.10.06-19.58.34:834][386]LogModuleManager: Shutting down and abandoning module ImageWrapper (116)
[2019.10.06-19.58.34:834][386]LogModuleManager: Shutting down and abandoning module TextureFormatAndroid (113)
[2019.10.06-19.58.34:834][386]LogModuleManager: Shutting down and abandoning module AudioFormatOpus (111)
[2019.10.06-19.58.34:842][386]LogModuleManager: Shutting down and abandoning module AudioFormatOgg (109)
[2019.10.06-19.58.34:842][386]LogModuleManager: Shutting down and abandoning module AudioFormatADPCM (107)
[2019.10.06-19.58.34:842][386]LogModuleManager: Shutting down and abandoning module WindowsTargetPlatform (105)
[2019.10.06-19.58.34:842][386]LogModuleManager: Shutting down and abandoning module WindowsServerTargetPlatform (103)
[2019.10.06-19.58.34:842][386]LogModuleManager: Shutting down and abandoning module WindowsNoEditorTargetPlatform (101)
[2019.10.06-19.58.34:842][386]LogModuleManager: Shutting down and abandoning module WindowsClientTargetPlatform (99)
[2019.10.06-19.58.34:842][386]LogModuleManager: Shutting down and abandoning module InputCore (96)
[2019.10.06-19.58.34:842][386]LogModuleManager: Shutting down and abandoning module Settings (94)
[2019.10.06-19.58.34:843][386]LogModuleManager: Shutting down and abandoning module PhysXCooking (92)
[2019.10.06-19.58.34:843][386]LogModuleManager: Shutting down and abandoning module WindowsPlatformFeatures (90)
[2019.10.06-19.58.34:843][386]LogModuleManager: Shutting down and abandoning module GameplayMediaEncoder (89)
[2019.10.06-19.58.34:860][386]LogModuleManager: Shutting down and abandoning module SteamVR (86)
[2019.10.06-19.58.34:878][386]LogHMD: Freeing OpenVRDLLHandle.
[2019.10.06-19.58.34:878][386]LogModuleManager: Shutting down and abandoning module OculusHMD (84)
[2019.10.06-19.58.34:887][386]LogModuleManager: Shutting down and abandoning module Ansel (82)
[2019.10.06-19.58.34:887][386]LogModuleManager: Shutting down and abandoning module ExampleDeviceProfileSelector (80)
[2019.10.06-19.58.34:887][386]LogModuleManager: Shutting down and abandoning module GoogleARCoreRendering (78)
[2019.10.06-19.58.34:887][386]LogModuleManager: Shutting down and abandoning module AppleARKit (76)
[2019.10.06-19.58.34:887][386]LogModuleManager: Shutting down and abandoning module AugmentedReality (75)
[2019.10.06-19.58.34:887][386]LogModuleManager: Shutting down and abandoning module LauncherChunkInstaller (72)
[2019.10.06-19.58.34:887][386]LogModuleManager: Shutting down and abandoning module OnlineBlueprintSupport (70)
[2019.10.06-19.58.34:887][386]LogModuleManager: Shutting down and abandoning module OnlineSubsystem (66)
[2019.10.06-19.58.34:900][386]LogModuleManager: Shutting down and abandoning module XMPP (61)
[2019.10.06-19.58.34:917][386]LogModuleManager: Shutting down and abandoning module WebSockets (60)
[2019.10.06-19.58.34:988][386]LogModuleManager: Shutting down and abandoning module HTTP (57)
[2019.10.06-19.58.35:002][386]LogModuleManager: Shutting down and abandoning module SSL (56)
[2019.10.06-19.58.35:018][386]LogModuleManager: Shutting down and abandoning module WmfMedia (52)
[2019.10.06-19.58.35:050][386]LogModuleManager: Shutting down and abandoning module Media (51)
[2019.10.06-19.58.35:051][386]LogModuleManager: Shutting down and abandoning module MagicLeap (48)
[2019.10.06-19.58.35:055][386]LogModuleManager: Shutting down and abandoning module DatasmithContent (46)
[2019.10.06-19.58.35:057][386]LogModuleManager: Shutting down and abandoning module AISupportModule (44)
[2019.10.06-19.58.35:057][386]LogModuleManager: Shutting down and abandoning module PlatformCryptoOpenSSL (42)
[2019.10.06-19.58.35:064][386]LogModuleManager: Shutting down and abandoning module PlatformCrypto (40)
[2019.10.06-19.58.35:065][386]LogModuleManager: Shutting down and abandoning module AnimationModifiers (38)
[2019.10.06-19.58.35:082][386]LogModuleManager: Shutting down and abandoning module PropertyEditor (37)
[2019.10.06-19.58.35:082][386]LogModuleManager: Shutting down and abandoning module AudioEditor (34)
[2019.10.06-19.58.35:099][386]LogModuleManager: Shutting down and abandoning module TextureCompressor (32)
[2019.10.06-19.58.35:100][386]LogModuleManager: Shutting down and abandoning module RenderCore (30)
[2019.10.06-19.58.35:100][386]LogModuleManager: Shutting down and abandoning module Landscape (28)
[2019.10.06-19.58.35:100][386]LogModuleManager: Shutting down and abandoning module SlateRHIRenderer (26)
[2019.10.06-19.58.35:111][386]LogModuleManager: Shutting down and abandoning module OpenGLDrv (24)
[2019.10.06-19.58.35:123][386]LogModuleManager: Shutting down and abandoning module D3D11RHI (22)
[2019.10.06-19.58.35:123][386]LogModuleManager: Shutting down and abandoning module AnimGraphRuntime (20)
[2019.10.06-19.58.35:133][386]LogModuleManager: Shutting down and abandoning module Renderer (18)
[2019.10.06-19.58.35:138][386]LogModuleManager: Shutting down and abandoning module Engine (16)
[2019.10.06-19.58.35:138][386]LogModuleManager: Shutting down and abandoning module CoreUObject (14)
[2019.10.06-19.58.35:138][386]LogModuleManager: Shutting down and abandoning module NetworkFile (12)
[2019.10.06-19.58.35:146][386]LogModuleManager: Shutting down and abandoning module CookedIterativeFile (10)
[2019.10.06-19.58.35:147][386]LogModuleManager: Shutting down and abandoning module StreamingFile (8)
[2019.10.06-19.58.35:154][386]LogModuleManager: Shutting down and abandoning module SandboxFile (6)
[2019.10.06-19.58.35:154][386]LogModuleManager: Shutting down and abandoning module PakFile (4)
[2019.10.06-19.58.35:169][386]LogModuleManager: Shutting down and abandoning module RSA (3)
[2019.10.06-19.58.35:181][386]LogD3D11RHI: Shutdown
[2019.10.06-19.58.35:192][386]LogD3D11RHI: CleanupD3DDevice
[2019.10.06-19.58.35:212][386]LogRendererCore: FGlobalDynamicReadBuffer::Cleanup()
[2019.10.06-19.58.35:217][386]LogRendererCore: FGlobalDynamicReadBuffer::Cleanup()
[2019.10.06-19.58.35:217][386]LogRendererCore: FGlobalDynamicReadBuffer::Cleanup()
[2019.10.06-19.58.35:303][386]LogD3D11RHI: ~FD3D11DynamicRHI
[2019.10.06-19.58.35:328][386]LogExit: Exiting.
[2019.10.06-19.58.35:348][386]Log file closed, 10/06/19 13:58:35
